This is pdfTeX, Version 3.14159265-2.6-1.40.18 (TeX Live 2017/Debian) (preloaded format=pdflatex 2021.9.27)  10 JUN 2022 00:08
entering extended mode
 restricted \write18 enabled.
 file:line:error style messages enabled.
 %&-line parsing enabled.
**/home/enrico/latex/Analisi-Matematica-2/Appunti.tex
(/home/enrico/latex/Analisi-Matematica-2/Appunti.tex
LaTeX2e <2017-04-15>
Babel <3.18> and hyphenation patterns for 84 language(s) loaded.
(/usr/share/texlive/texmf-dist/tex/latex/base/report.cls
Document Class: report 2014/09/29 v1.4h Standard LaTeX document class
(/usr/share/texlive/texmf-dist/tex/latex/base/size10.clo
File: size10.clo 2014/09/29 v1.4h Standard LaTeX file (size option)
)
\c@part=\count79
\c@chapter=\count80
\c@section=\count81
\c@subsection=\count82
\c@subsubsection=\count83
\c@paragraph=\count84
\c@subparagraph=\count85
\c@figure=\count86
\c@table=\count87
\abovecaptionskip=\skip41
\belowcaptionskip=\skip42
\bibindent=\dimen102
) (/usr/share/texlive/texmf-dist/tex/latex/mathtools/mathtools.sty
Package: mathtools 2018/01/08 v1.21 mathematical typesetting tools
 (/usr/share/texlive/texmf-dist/tex/latex/graphics/keyval.sty
Package: keyval 2014/10/28 v1.15 key=value parser (DPC)
\KV@toks@=\toks14
) (/usr/share/texlive/texmf-dist/tex/latex/tools/calc.sty
Package: calc 2014/10/28 v4.3 Infix arithmetic (KKT,FJ)
\calc@Acount=\count88
\calc@Bcount=\count89
\calc@Adimen=\dimen103
\calc@Bdimen=\dimen104
\calc@Askip=\skip43
\calc@Bskip=\skip44
LaTeX Info: Redefining \setlength on input line 80.
LaTeX Info: Redefining \addtolength on input line 81.
\calc@Ccount=\count90
\calc@Cskip=\skip45
) (/usr/share/texlive/texmf-dist/tex/latex/mathtools/mhsetup.sty
Package: mhsetup 2017/03/31 v1.3 programming setup (MH)
) (/usr/share/texlive/texmf-dist/tex/latex/amsmath/amsmath.sty
Package: amsmath 2017/09/02 v2.17a AMS math features
\@mathmargin=\skip46

For additional information on amsmath, use the `?' option.
(/usr/share/texlive/texmf-dist/tex/latex/amsmath/amstext.sty
Package: amstext 2000/06/29 v2.01 AMS text
 (/usr/share/texlive/texmf-dist/tex/latex/amsmath/amsgen.sty
File: amsgen.sty 1999/11/30 v2.0 generic functions
\@emptytoks=\toks15
\ex@=\dimen105
)) (/usr/share/texlive/texmf-dist/tex/latex/amsmath/amsbsy.sty
Package: amsbsy 1999/11/29 v1.2d Bold Symbols
\pmbraise@=\dimen106
) (/usr/share/texlive/texmf-dist/tex/latex/amsmath/amsopn.sty
Package: amsopn 2016/03/08 v2.02 operator names
)
\inf@bad=\count91
LaTeX Info: Redefining \frac on input line 213.
\uproot@=\count92
\leftroot@=\count93
LaTeX Info: Redefining \overline on input line 375.
\classnum@=\count94
\DOTSCASE@=\count95
LaTeX Info: Redefining \ldots on input line 472.
LaTeX Info: Redefining \dots on input line 475.
LaTeX Info: Redefining \cdots on input line 596.
\Mathstrutbox@=\box26
\strutbox@=\box27
\big@size=\dimen107
LaTeX Font Info:    Redeclaring font encoding OML on input line 712.
LaTeX Font Info:    Redeclaring font encoding OMS on input line 713.
\macc@depth=\count96
\c@MaxMatrixCols=\count97
\dotsspace@=\muskip10
\c@parentequation=\count98
\dspbrk@lvl=\count99
\tag@help=\toks16
\row@=\count100
\column@=\count101
\maxfields@=\count102
\andhelp@=\toks17
\eqnshift@=\dimen108
\alignsep@=\dimen109
\tagshift@=\dimen110
\tagwidth@=\dimen111
\totwidth@=\dimen112
\lineht@=\dimen113
\@envbody=\toks18
\multlinegap=\skip47
\multlinetaggap=\skip48
\mathdisplay@stack=\toks19
LaTeX Info: Redefining \[ on input line 2817.
LaTeX Info: Redefining \] on input line 2818.
)
LaTeX Info: Thecontrolsequence`\('isalreadyrobust on input line 129.
LaTeX Info: Thecontrolsequence`\)'isalreadyrobust on input line 129.
LaTeX Info: Thecontrolsequence`\['isalreadyrobust on input line 129.
LaTeX Info: Thecontrolsequence`\]'isalreadyrobust on input line 129.
\g_MT_multlinerow_int=\count103
\l_MT_multwidth_dim=\dimen114
\origjot=\skip49
\l_MT_shortvdotswithinadjustabove_dim=\dimen115
\l_MT_shortvdotswithinadjustbelow_dim=\dimen116
\l_MT_above_intertext_sep=\dimen117
\l_MT_below_intertext_sep=\dimen118
\l_MT_above_shortintertext_sep=\dimen119
\l_MT_below_shortintertext_sep=\dimen120
) (/usr/share/texlive/texmf-dist/tex/latex/jknapltx/mathbbol.sty
Package: mathbbol 1995/01/01
\symbbold=\mathgroup4
) (/usr/share/texlive/texmf-dist/tex/latex/enumitem/enumitem.sty
Package: enumitem 2011/09/28 v3.5.2 Customized lists
\labelindent=\skip50
\enit@outerparindent=\dimen121
\enit@toks=\toks20
\enit@inbox=\box28
\enitdp@description=\count104
) (/usr/share/texlive/texmf-dist/tex/latex/amsfonts/amssymb.sty
Package: amssymb 2013/01/14 v3.01 AMS font symbols
 (/usr/share/texlive/texmf-dist/tex/latex/amsfonts/amsfonts.sty
Package: amsfonts 2013/01/14 v3.01 Basic AMSFonts support
\symAMSa=\mathgroup5
\symAMSb=\mathgroup6
LaTeX Font Info:    Overwriting math alphabet `\mathfrak' in version `bold'
(Font)                  U/euf/m/n --> U/euf/b/n on input line 106.
)) (/usr/share/texlive/texmf-dist/tex/latex/graphics/graphicx.sty
Package: graphicx 2017/06/01 v1.1a Enhanced LaTeX Graphics (DPC,SPQR)
 (/usr/share/texlive/texmf-dist/tex/latex/graphics/graphics.sty
Package: graphics 2017/06/25 v1.2c Standard LaTeX Graphics (DPC,SPQR)
 (/usr/share/texlive/texmf-dist/tex/latex/graphics/trig.sty
Package: trig 2016/01/03 v1.10 sin cos tan (DPC)
) (/usr/share/texlive/texmf-dist/tex/latex/graphics-cfg/graphics.cfg
File: graphics.cfg 2016/06/04 v1.11 sample graphics configuration
)
Package graphics Info: Driver file: pdftex.def on input line 99.
 (/usr/share/texlive/texmf-dist/tex/latex/graphics-def/pdftex.def
File: pdftex.def 2018/01/08 v1.0l Graphics/color driver for pdftex
))
\Gin@req@height=\dimen122
\Gin@req@width=\dimen123
) (/usr/share/texlive/texmf-dist/tex/latex/hyperref/hyperref.sty
Package: hyperref 2018/02/06 v6.86b Hypertext links for LaTeX
 (/usr/share/texlive/texmf-dist/tex/generic/oberdiek/hobsub-hyperref.sty
Package: hobsub-hyperref 2016/05/16 v1.14 Bundle oberdiek, subset hyperref (HO)
 (/usr/share/texlive/texmf-dist/tex/generic/oberdiek/hobsub-generic.sty
Package: hobsub-generic 2016/05/16 v1.14 Bundle oberdiek, subset generic (HO)
Package: hobsub 2016/05/16 v1.14 Construct package bundles (HO)
Package: infwarerr 2016/05/16 v1.4 Providing info/warning/error messages (HO)
Package: ltxcmds 2016/05/16 v1.23 LaTeX kernel commands for general use (HO)
Package: ifluatex 2016/05/16 v1.4 Provides the ifluatex switch (HO)
Package ifluatex Info: LuaTeX not detected.
Package: ifvtex 2016/05/16 v1.6 Detect VTeX and its facilities (HO)
Package ifvtex Info: VTeX not detected.
Package: intcalc 2016/05/16 v1.2 Expandable calculations with integers (HO)
Package: ifpdf 2017/03/15 v3.2 Provides the ifpdf switch
Package: etexcmds 2016/05/16 v1.6 Avoid name clashes with e-TeX commands (HO)
Package etexcmds Info: Could not find \expanded.
(etexcmds)             That can mean that you are not using pdfTeX 1.50 or
(etexcmds)             that some package has redefined \expanded.
(etexcmds)             In the latter case, load this package earlier.
Package: kvsetkeys 2016/05/16 v1.17 Key value parser (HO)
Package: kvdefinekeys 2016/05/16 v1.4 Define keys (HO)
Package: pdftexcmds 2018/01/21 v0.26 Utility functions of pdfTeX for LuaTeX (HO)
Package pdftexcmds Info: LuaTeX not detected.
Package pdftexcmds Info: \pdf@primitive is available.
Package pdftexcmds Info: \pdf@ifprimitive is available.
Package pdftexcmds Info: \pdfdraftmode found.
Package: pdfescape 2016/05/16 v1.14 Implements pdfTeX's escape features (HO)
Package: bigintcalc 2016/05/16 v1.4 Expandable calculations on big integers (HO)
Package: bitset 2016/05/16 v1.2 Handle bit-vector datatype (HO)
Package: uniquecounter 2016/05/16 v1.3 Provide unlimited unique counter (HO)
)
Package hobsub Info: Skipping package `hobsub' (already loaded).
Package: letltxmacro 2016/05/16 v1.5 Let assignment for LaTeX macros (HO)
Package: hopatch 2016/05/16 v1.3 Wrapper for package hooks (HO)
Package: xcolor-patch 2016/05/16 xcolor patch
Package: atveryend 2016/05/16 v1.9 Hooks at the very end of document (HO)
Package atveryend Info: \enddocument detected (standard20110627).
Package: atbegshi 2016/06/09 v1.18 At begin shipout hook (HO)
Package: refcount 2016/05/16 v3.5 Data extraction from label references (HO)
Package: hycolor 2016/05/16 v1.8 Color options for hyperref/bookmark (HO)
) (/usr/share/texlive/texmf-dist/tex/generic/ifxetex/ifxetex.sty
Package: ifxetex 2010/09/12 v0.6 Provides ifxetex conditional
) (/usr/share/texlive/texmf-dist/tex/latex/oberdiek/auxhook.sty
Package: auxhook 2016/05/16 v1.4 Hooks for auxiliary files (HO)
) (/usr/share/texlive/texmf-dist/tex/latex/oberdiek/kvoptions.sty
Package: kvoptions 2016/05/16 v3.12 Key value format for package options (HO)
)
\@linkdim=\dimen124
\Hy@linkcounter=\count105
\Hy@pagecounter=\count106
 (/usr/share/texlive/texmf-dist/tex/latex/hyperref/pd1enc.def
File: pd1enc.def 2018/02/06 v6.86b Hyperref: PDFDocEncoding definition (HO)
)
\Hy@SavedSpaceFactor=\count107
 (/usr/share/texlive/texmf-dist/tex/latex/latexconfig/hyperref.cfg
File: hyperref.cfg 2002/06/06 v1.2 hyperref configuration of TeXLive
)
Package hyperref Info: Hyper figures OFF on input line 4509.
Package hyperref Info: Link nesting OFF on input line 4514.
Package hyperref Info: Hyper index ON on input line 4517.
Package hyperref Info: Plain pages OFF on input line 4524.
Package hyperref Info: Backreferencing OFF on input line 4529.
Package hyperref Info: Implicit mode ON; LaTeX internals redefined.
Package hyperref Info: Bookmarks ON on input line 4762.
\c@Hy@tempcnt=\count108
 (/usr/share/texlive/texmf-dist/tex/latex/url/url.sty
\Urlmuskip=\muskip11
Package: url 2013/09/16  ver 3.4  Verb mode for urls, etc.
)
LaTeX Info: Redefining \url on input line 5115.
\XeTeXLinkMargin=\dimen125
\Fld@menulength=\count109
\Field@Width=\dimen126
\Fld@charsize=\dimen127
Package hyperref Info: Hyper figures OFF on input line 6369.
Package hyperref Info: Link nesting OFF on input line 6374.
Package hyperref Info: Hyper index ON on input line 6377.
Package hyperref Info: backreferencing OFF on input line 6384.
Package hyperref Info: Link coloring OFF on input line 6389.
Package hyperref Info: Link coloring with OCG OFF on input line 6394.
Package hyperref Info: PDF/A mode OFF on input line 6399.
LaTeX Info: Redefining \ref on input line 6439.
LaTeX Info: Redefining \pageref on input line 6443.
\Hy@abspage=\count110
\c@Item=\count111
\c@Hfootnote=\count112
)
Package hyperref Info: Driver (autodetected): hpdftex.
 (/usr/share/texlive/texmf-dist/tex/latex/hyperref/hpdftex.def
File: hpdftex.def 2018/02/06 v6.86b Hyperref driver for pdfTeX
\Fld@listcount=\count113
\c@bookmark@seq@number=\count114
 (/usr/share/texlive/texmf-dist/tex/latex/oberdiek/rerunfilecheck.sty
Package: rerunfilecheck 2016/05/16 v1.8 Rerun checks for auxiliary files (HO)
Package uniquecounter Info: New unique counter `rerunfilecheck' on input line 282.
)
\Hy@SectionHShift=\skip51
) (/usr/share/texlive/texmf-dist/tex/latex/blindtext/blindtext.sty
Package: blindtext 2012/01/06 V2.0 blindtext-Package
 (/usr/share/texlive/texmf-dist/tex/latex/tools/xspace.sty
Package: xspace 2014/10/28 v1.13 Space after command names (DPC,MH)
)
\c@blindtext=\count115
\c@Blindtext=\count116
\c@blind@countparstart=\count117
\blind@countxx=\count118
\blindtext@numBlindtext=\count119
\blind@countyy=\count120
\c@blindlist=\count121
\c@blindlistlevel=\count122
\c@blindlist@level=\count123
\blind@listitem=\count124
\c@blind@listcount=\count125
\c@blind@levelcount=\count126
\blind@mathformula=\count127
\blind@Mathformula=\count128
\c@blind@randomcount=\count129
\c@blind@randommax=\count130
\c@blind@pangramcount=\count131
\c@blind@pangrammax=\count132
) (/usr/share/texlive/texmf-dist/tex/latex/nicematrix/nicematrix.sty (/usr/share/texlive/texmf-dist/tex/latex/l3packages/l3keys2e/l3keys2e.sty (/usr/share/texlive/texmf-dist/tex/latex/l3kernel/expl3.sty
Package: expl3 2018/02/21 L3 programming layer (loader) 
 (/usr/share/texlive/texmf-dist/tex/latex/l3kernel/expl3-code.tex
Package: expl3 2018/02/21 L3 programming layer (code)
\c_max_int=\count133
\l_tmpa_int=\count134
\l_tmpb_int=\count135
\g_tmpa_int=\count136
\g_tmpb_int=\count137
\g__intarray_font_int=\count138
\g__prg_map_int=\count139
\c_log_iow=\count140
\l_iow_line_count_int=\count141
\l__iow_line_target_int=\count142
\l__iow_one_indent_int=\count143
\l__iow_indent_int=\count144
\c_zero_dim=\dimen128
\c_max_dim=\dimen129
\l_tmpa_dim=\dimen130
\l_tmpb_dim=\dimen131
\g_tmpa_dim=\dimen132
\g_tmpb_dim=\dimen133
\c_zero_skip=\skip52
\c_max_skip=\skip53
\l_tmpa_skip=\skip54
\l_tmpb_skip=\skip55
\g_tmpa_skip=\skip56
\g_tmpb_skip=\skip57
\c_zero_muskip=\muskip12
\c_max_muskip=\muskip13
\l_tmpa_muskip=\muskip14
\l_tmpb_muskip=\muskip15
\g_tmpa_muskip=\muskip16
\g_tmpb_muskip=\muskip17
\l_keys_choice_int=\count145
\c__fp_leading_shift_int=\count146
\c__fp_middle_shift_int=\count147
\c__fp_trailing_shift_int=\count148
\c__fp_big_leading_shift_int=\count149
\c__fp_big_middle_shift_int=\count150
\c__fp_big_trailing_shift_int=\count151
\c__fp_Bigg_leading_shift_int=\count152
\c__fp_Bigg_middle_shift_int=\count153
\c__fp_Bigg_trailing_shift_int=\count154
\c__fp_rand_size_int=\count155
\c__fp_rand_four_int=\count156
\c__fp_rand_eight_int=\count157
\l__sort_length_int=\count158
\l__sort_min_int=\count159
\l__sort_top_int=\count160
\l__sort_max_int=\count161
\l__sort_true_max_int=\count162
\l__sort_block_int=\count163
\l__sort_begin_int=\count164
\l__sort_end_int=\count165
\l__sort_A_int=\count166
\l__sort_B_int=\count167
\l__sort_C_int=\count168
\l__tl_build_start_index_int=\count169
\l__tl_build_index_int=\count170
\l__tl_analysis_normal_int=\count171
\l__tl_analysis_index_int=\count172
\l__tl_analysis_nesting_int=\count173
\l__tl_analysis_type_int=\count174
\l__regex_internal_a_int=\count175
\l__regex_internal_b_int=\count176
\l__regex_internal_c_int=\count177
\l__regex_balance_int=\count178
\l__regex_group_level_int=\count179
\l__regex_mode_int=\count180
\c__regex_cs_in_class_mode_int=\count181
\c__regex_cs_mode_int=\count182
\l__regex_catcodes_int=\count183
\l__regex_default_catcodes_int=\count184
\c__regex_catcode_D_int=\count185
\c__regex_catcode_S_int=\count186
\c__regex_catcode_L_int=\count187
\c__regex_catcode_O_int=\count188
\c__regex_catcode_A_int=\count189
\c__regex_all_catcodes_int=\count190
\l__regex_show_lines_int=\count191
\l__regex_min_state_int=\count192
\l__regex_max_state_int=\count193
\l__regex_left_state_int=\count194
\l__regex_right_state_int=\count195
\l__regex_capturing_group_int=\count196
\l__regex_min_pos_int=\count197
\l__regex_max_pos_int=\count198
\l__regex_curr_pos_int=\count199
\l__regex_start_pos_int=\count266
\l__regex_success_pos_int=\count267
\l__regex_curr_char_int=\count268
\l__regex_curr_catcode_int=\count269
\l__regex_last_char_int=\count270
\l__regex_case_changed_char_int=\count271
\l__regex_curr_state_int=\count272
\l__regex_step_int=\count273
\l__regex_min_active_int=\count274
\l__regex_max_active_int=\count275
\l__regex_replacement_csnames_int=\count276
\l__regex_match_count_int=\count277
\l__regex_min_submatch_int=\count278
\l__regex_submatch_int=\count279
\l__regex_zeroth_submatch_int=\count280
\g__regex_trace_regex_int=\count281
\c_empty_box=\box29
\l_tmpa_box=\box30
\l_tmpb_box=\box31
\g_tmpa_box=\box32
\g_tmpb_box=\box33
\l__box_top_dim=\dimen134
\l__box_bottom_dim=\dimen135
\l__box_left_dim=\dimen136
\l__box_right_dim=\dimen137
\l__box_top_new_dim=\dimen138
\l__box_bottom_new_dim=\dimen139
\l__box_left_new_dim=\dimen140
\l__box_right_new_dim=\dimen141
\l__box_internal_box=\box34
\l__coffin_internal_box=\box35
\l__coffin_internal_dim=\dimen142
\l__coffin_offset_x_dim=\dimen143
\l__coffin_offset_y_dim=\dimen144
\l__coffin_x_dim=\dimen145
\l__coffin_y_dim=\dimen146
\l__coffin_x_prime_dim=\dimen147
\l__coffin_y_prime_dim=\dimen148
\c_empty_coffin=\box36
\l__coffin_aligned_coffin=\box37
\l__coffin_aligned_internal_coffin=\box38
\l_tmpa_coffin=\box39
\l_tmpb_coffin=\box40
\l__coffin_display_coffin=\box41
\l__coffin_display_coord_coffin=\box42
\l__coffin_display_pole_coffin=\box43
\l__coffin_display_offset_dim=\dimen149
\l__coffin_display_x_dim=\dimen150
\l__coffin_display_y_dim=\dimen151
\l__coffin_bounding_shift_dim=\dimen152
\l__coffin_left_corner_dim=\dimen153
\l__coffin_right_corner_dim=\dimen154
\l__coffin_bottom_corner_dim=\dimen155
\l__coffin_top_corner_dim=\dimen156
\l__coffin_scaled_total_height_dim=\dimen157
\l__coffin_scaled_width_dim=\dimen158
) (/usr/share/texlive/texmf-dist/tex/latex/l3kernel/l3pdfmode.def
File: l3pdfmode.def 2017/03/18 v L3 Experimental driver: PDF mode
\l__driver_color_stack_int=\count282
\l__driver_tmp_box=\box44
))
Package: l3keys2e 2018/02/21 LaTeX2e option processing using LaTeX3 keys
)
Package: nicematrix 2018/02/26 v1.1 Draws nice dotted lines in matrix environments
 (/usr/share/texlive/texmf-dist/tex/latex/tools/array.sty
Package: array 2016/10/06 v2.4d Tabular extension package (FMi)
\col@sep=\dimen159
\extrarowheight=\dimen160
\NC@list=\toks21
\extratabsurround=\skip58
\backup@length=\skip59
) (/usr/share/texlive/texmf-dist/tex/latex/pgf/frontendlayer/tikz.sty (/usr/share/texlive/texmf-dist/tex/latex/pgf/basiclayer/pgf.sty (/usr/share/texlive/texmf-dist/tex/latex/pgf/utilities/pgfrcs.sty (/usr/share/texlive/texmf-dist/tex/generic/pgf/utilities/pgfutil-common.tex
\pgfutil@everybye=\toks22
\pgfutil@tempdima=\dimen161
\pgfutil@tempdimb=\dimen162
 (/usr/share/texlive/texmf-dist/tex/generic/pgf/utilities/pgfutil-common-lists.tex)) (/usr/share/texlive/texmf-dist/tex/generic/pgf/utilities/pgfutil-latex.def
\pgfutil@abb=\box45
 (/usr/share/texlive/texmf-dist/tex/latex/ms/everyshi.sty
Package: everyshi 2001/05/15 v3.00 EveryShipout Package (MS)
)) (/usr/share/texlive/texmf-dist/tex/generic/pgf/utilities/pgfrcs.code.tex
Package: pgfrcs 2015/08/07 v3.0.1a (rcs-revision 1.31)
))
Package: pgf 2015/08/07 v3.0.1a (rcs-revision 1.15)
 (/usr/share/texlive/texmf-dist/tex/latex/pgf/basiclayer/pgfcore.sty (/usr/share/texlive/texmf-dist/tex/latex/pgf/systemlayer/pgfsys.sty (/usr/share/texlive/texmf-dist/tex/generic/pgf/systemlayer/pgfsys.code.tex
Package: pgfsys 2014/07/09 v3.0.1a (rcs-revision 1.48)
 (/usr/share/texlive/texmf-dist/tex/generic/pgf/utilities/pgfkeys.code.tex
\pgfkeys@pathtoks=\toks23
\pgfkeys@temptoks=\toks24
 (/usr/share/texlive/texmf-dist/tex/generic/pgf/utilities/pgfkeysfiltered.code.tex
\pgfkeys@tmptoks=\toks25
))
\pgf@x=\dimen163
\pgf@y=\dimen164
\pgf@xa=\dimen165
\pgf@ya=\dimen166
\pgf@xb=\dimen167
\pgf@yb=\dimen168
\pgf@xc=\dimen169
\pgf@yc=\dimen170
\w@pgf@writea=\write3
\r@pgf@reada=\read1
\c@pgf@counta=\count283
\c@pgf@countb=\count284
\c@pgf@countc=\count285
\c@pgf@countd=\count286
\t@pgf@toka=\toks26
\t@pgf@tokb=\toks27
\t@pgf@tokc=\toks28
 (/usr/share/texlive/texmf-dist/tex/generic/pgf/systemlayer/pgf.cfg
File: pgf.cfg 2008/05/14  (rcs-revision 1.7)
)
Driver file for pgf: pgfsys-pdftex.def
 (/usr/share/texlive/texmf-dist/tex/generic/pgf/systemlayer/pgfsys-pdftex.def
File: pgfsys-pdftex.def 2014/10/11  (rcs-revision 1.35)
 (/usr/share/texlive/texmf-dist/tex/generic/pgf/systemlayer/pgfsys-common-pdf.def
File: pgfsys-common-pdf.def 2013/10/10  (rcs-revision 1.13)
))) (/usr/share/texlive/texmf-dist/tex/generic/pgf/systemlayer/pgfsyssoftpath.code.tex
File: pgfsyssoftpath.code.tex 2013/09/09  (rcs-revision 1.9)
\pgfsyssoftpath@smallbuffer@items=\count287
\pgfsyssoftpath@bigbuffer@items=\count288
) (/usr/share/texlive/texmf-dist/tex/generic/pgf/systemlayer/pgfsysprotocol.code.tex
File: pgfsysprotocol.code.tex 2006/10/16  (rcs-revision 1.4)
)) (/usr/share/texlive/texmf-dist/tex/latex/xcolor/xcolor.sty
Package: xcolor 2016/05/11 v2.12 LaTeX color extensions (UK)
 (/usr/share/texlive/texmf-dist/tex/latex/graphics-cfg/color.cfg
File: color.cfg 2016/01/02 v1.6 sample color configuration
)
Package xcolor Info: Driver file: pdftex.def on input line 225.
Package xcolor Info: Model `cmy' substituted by `cmy0' on input line 1348.
Package xcolor Info: Model `hsb' substituted by `rgb' on input line 1352.
Package xcolor Info: Model `RGB' extended on input line 1364.
Package xcolor Info: Model `HTML' substituted by `rgb' on input line 1366.
Package xcolor Info: Model `Hsb' substituted by `hsb' on input line 1367.
Package xcolor Info: Model `tHsb' substituted by `hsb' on input line 1368.
Package xcolor Info: Model `HSB' substituted by `hsb' on input line 1369.
Package xcolor Info: Model `Gray' substituted by `gray' on input line 1370.
Package xcolor Info: Model `wave' substituted by `hsb' on input line 1371.
) (/usr/share/texlive/texmf-dist/tex/generic/pgf/basiclayer/pgfcore.code.tex
Package: pgfcore 2010/04/11 v3.0.1a (rcs-revision 1.7)
 (/usr/share/texlive/texmf-dist/tex/generic/pgf/math/pgfmath.code.tex (/usr/share/texlive/texmf-dist/tex/generic/pgf/math/pgfmathcalc.code.tex (/usr/share/texlive/texmf-dist/tex/generic/pgf/math/pgfmathutil.code.tex) (/usr/share/texlive/texmf-dist/tex/generic/pgf/math/pgfmathparser.code.tex
\pgfmath@dimen=\dimen171
\pgfmath@count=\count289
\pgfmath@box=\box46
\pgfmath@toks=\toks29
\pgfmath@stack@operand=\toks30
\pgfmath@stack@operation=\toks31
) (/usr/share/texlive/texmf-dist/tex/generic/pgf/math/pgfmathfunctions.code.tex (/usr/share/texlive/texmf-dist/tex/generic/pgf/math/pgfmathfunctions.basic.code.tex) (/usr/share/texlive/texmf-dist/tex/generic/pgf/math/pgfmathfunctions.trigonometric.code.tex) (/usr/share/texlive/texmf-dist/tex/generic/pgf/math/pgfmathfunctions.random.code.tex) (/usr/share/texlive/texmf-dist/tex/generic/pgf/math/pgfmathfunctions.comparison.code.tex) (/usr/share/texlive/texmf-dist/tex/generic/pgf/math/pgfmathfunctions.base.code.tex) (/usr/share/texlive/texmf-dist/tex/generic/pgf/math/pgfmathfunctions.round.code.tex) (/usr/share/texlive/texmf-dist/tex/generic/pgf/math/pgfmathfunctions.misc.code.tex) (/usr/share/texlive/texmf-dist/tex/generic/pgf/math/pgfmathfunctions.integerarithmetics.code.tex))) (/usr/share/texlive/texmf-dist/tex/generic/pgf/math/pgfmathfloat.code.tex
\c@pgfmathroundto@lastzeros=\count290
)) (/usr/share/texlive/texmf-dist/tex/generic/pgf/basiclayer/pgfcorepoints.code.tex
File: pgfcorepoints.code.tex 2013/10/07  (rcs-revision 1.27)
\pgf@picminx=\dimen172
\pgf@picmaxx=\dimen173
\pgf@picminy=\dimen174
\pgf@picmaxy=\dimen175
\pgf@pathminx=\dimen176
\pgf@pathmaxx=\dimen177
\pgf@pathminy=\dimen178
\pgf@pathmaxy=\dimen179
\pgf@xx=\dimen180
\pgf@xy=\dimen181
\pgf@yx=\dimen182
\pgf@yy=\dimen183
\pgf@zx=\dimen184
\pgf@zy=\dimen185
) (/usr/share/texlive/texmf-dist/tex/generic/pgf/basiclayer/pgfcorepathconstruct.code.tex
File: pgfcorepathconstruct.code.tex 2013/10/07  (rcs-revision 1.29)
\pgf@path@lastx=\dimen186
\pgf@path@lasty=\dimen187
) (/usr/share/texlive/texmf-dist/tex/generic/pgf/basiclayer/pgfcorepathusage.code.tex
File: pgfcorepathusage.code.tex 2014/11/02  (rcs-revision 1.24)
\pgf@shorten@end@additional=\dimen188
\pgf@shorten@start@additional=\dimen189
) (/usr/share/texlive/texmf-dist/tex/generic/pgf/basiclayer/pgfcorescopes.code.tex
File: pgfcorescopes.code.tex 2015/05/08  (rcs-revision 1.46)
\pgfpic=\box47
\pgf@hbox=\box48
\pgf@layerbox@main=\box49
\pgf@picture@serial@count=\count291
) (/usr/share/texlive/texmf-dist/tex/generic/pgf/basiclayer/pgfcoregraphicstate.code.tex
File: pgfcoregraphicstate.code.tex 2014/11/02  (rcs-revision 1.12)
\pgflinewidth=\dimen190
) (/usr/share/texlive/texmf-dist/tex/generic/pgf/basiclayer/pgfcoretransformations.code.tex
File: pgfcoretransformations.code.tex 2015/08/07  (rcs-revision 1.20)
\pgf@pt@x=\dimen191
\pgf@pt@y=\dimen192
\pgf@pt@temp=\dimen193
) (/usr/share/texlive/texmf-dist/tex/generic/pgf/basiclayer/pgfcorequick.code.tex
File: pgfcorequick.code.tex 2008/10/09  (rcs-revision 1.3)
) (/usr/share/texlive/texmf-dist/tex/generic/pgf/basiclayer/pgfcoreobjects.code.tex
File: pgfcoreobjects.code.tex 2006/10/11  (rcs-revision 1.2)
) (/usr/share/texlive/texmf-dist/tex/generic/pgf/basiclayer/pgfcorepathprocessing.code.tex
File: pgfcorepathprocessing.code.tex 2013/09/09  (rcs-revision 1.9)
) (/usr/share/texlive/texmf-dist/tex/generic/pgf/basiclayer/pgfcorearrows.code.tex
File: pgfcorearrows.code.tex 2015/05/14  (rcs-revision 1.43)
\pgfarrowsep=\dimen194
) (/usr/share/texlive/texmf-dist/tex/generic/pgf/basiclayer/pgfcoreshade.code.tex
File: pgfcoreshade.code.tex 2013/07/15  (rcs-revision 1.15)
\pgf@max=\dimen195
\pgf@sys@shading@range@num=\count292
) (/usr/share/texlive/texmf-dist/tex/generic/pgf/basiclayer/pgfcoreimage.code.tex
File: pgfcoreimage.code.tex 2013/07/15  (rcs-revision 1.18)
 (/usr/share/texlive/texmf-dist/tex/generic/pgf/basiclayer/pgfcoreexternal.code.tex
File: pgfcoreexternal.code.tex 2014/07/09  (rcs-revision 1.21)
\pgfexternal@startupbox=\box50
)) (/usr/share/texlive/texmf-dist/tex/generic/pgf/basiclayer/pgfcorelayers.code.tex
File: pgfcorelayers.code.tex 2013/07/18  (rcs-revision 1.7)
) (/usr/share/texlive/texmf-dist/tex/generic/pgf/basiclayer/pgfcoretransparency.code.tex
File: pgfcoretransparency.code.tex 2013/09/30  (rcs-revision 1.5)
) (/usr/share/texlive/texmf-dist/tex/generic/pgf/basiclayer/pgfcorepatterns.code.tex
File: pgfcorepatterns.code.tex 2013/11/07  (rcs-revision 1.5)
))) (/usr/share/texlive/texmf-dist/tex/generic/pgf/modules/pgfmoduleshapes.code.tex
File: pgfmoduleshapes.code.tex 2014/03/21  (rcs-revision 1.35)
\pgfnodeparttextbox=\box51
) (/usr/share/texlive/texmf-dist/tex/generic/pgf/modules/pgfmoduleplot.code.tex
File: pgfmoduleplot.code.tex 2015/08/03  (rcs-revision 1.13)
) (/usr/share/texlive/texmf-dist/tex/latex/pgf/compatibility/pgfcomp-version-0-65.sty
Package: pgfcomp-version-0-65 2007/07/03 v3.0.1a (rcs-revision 1.7)
\pgf@nodesepstart=\dimen196
\pgf@nodesepend=\dimen197
) (/usr/share/texlive/texmf-dist/tex/latex/pgf/compatibility/pgfcomp-version-1-18.sty
Package: pgfcomp-version-1-18 2007/07/23 v3.0.1a (rcs-revision 1.1)
)) (/usr/share/texlive/texmf-dist/tex/latex/pgf/utilities/pgffor.sty (/usr/share/texlive/texmf-dist/tex/latex/pgf/utilities/pgfkeys.sty (/usr/share/texlive/texmf-dist/tex/generic/pgf/utilities/pgfkeys.code.tex)) (/usr/share/texlive/texmf-dist/tex/latex/pgf/math/pgfmath.sty (/usr/share/texlive/texmf-dist/tex/generic/pgf/math/pgfmath.code.tex)) (/usr/share/texlive/texmf-dist/tex/generic/pgf/utilities/pgffor.code.tex
Package: pgffor 2013/12/13 v3.0.1a (rcs-revision 1.25)
 (/usr/share/texlive/texmf-dist/tex/generic/pgf/math/pgfmath.code.tex)
\pgffor@iter=\dimen198
\pgffor@skip=\dimen199
\pgffor@stack=\toks32
\pgffor@toks=\toks33
)) (/usr/share/texlive/texmf-dist/tex/generic/pgf/frontendlayer/tikz/tikz.code.tex
Package: tikz 2015/08/07 v3.0.1a (rcs-revision 1.151)
 (/usr/share/texlive/texmf-dist/tex/generic/pgf/libraries/pgflibraryplothandlers.code.tex
File: pgflibraryplothandlers.code.tex 2013/08/31 v3.0.1a (rcs-revision 1.20)
\pgf@plot@mark@count=\count293
\pgfplotmarksize=\dimen256
)
\tikz@lastx=\dimen257
\tikz@lasty=\dimen258
\tikz@lastxsaved=\dimen259
\tikz@lastysaved=\dimen260
\tikzleveldistance=\dimen261
\tikzsiblingdistance=\dimen262
\tikz@figbox=\box52
\tikz@figbox@bg=\box53
\tikz@tempbox=\box54
\tikz@tempbox@bg=\box55
\tikztreelevel=\count294
\tikznumberofchildren=\count295
\tikznumberofcurrentchild=\count296
\tikz@fig@count=\count297
 (/usr/share/texlive/texmf-dist/tex/generic/pgf/modules/pgfmodulematrix.code.tex
File: pgfmodulematrix.code.tex 2013/09/17  (rcs-revision 1.8)
\pgfmatrixcurrentrow=\count298
\pgfmatrixcurrentcolumn=\count299
\pgf@matrix@numberofcolumns=\count300
)
\tikz@expandcount=\count301
 (/usr/share/texlive/texmf-dist/tex/generic/pgf/frontendlayer/tikz/libraries/tikzlibrarytopaths.code.tex
File: tikzlibrarytopaths.code.tex 2008/06/17 v3.0.1a (rcs-revision 1.2)
))) (/usr/share/texlive/texmf-dist/tex/latex/l3packages/xparse/xparse.sty
Package: xparse 2018/02/21 L3 Experimental document command parser
\l__xparse_current_arg_int=\count302
\g__xparse_grabber_int=\count303
\l__xparse_m_args_int=\count304
\l__xparse_mandatory_args_int=\count305
\l__xparse_v_nesting_int=\count306
)
.................................................
. LaTeX info: "xparse/define-command"
. 
. Defining command \iddots with sig. '' on line 41.
.................................................
\g__nm_env_int=\count307
.................................................
. LaTeX info: "xparse/define-command"
. 
. Defining command \NiceMatrixOptions with sig. 'm' on line 66.
.................................................
.................................................
. LaTeX info: "xparse/define-environment"
. 
. Defining environment 'NiceMatrix' with sig. '' on line 113.
.................................................
.................................................
. LaTeX info: "xparse/define-environment"
. 
. Defining environment 'pNiceMatrix' with sig. '' on line 116.
.................................................
.................................................
. LaTeX info: "xparse/define-environment"
. 
. Defining environment 'bNiceMatrix' with sig. '' on line 119.
.................................................
.................................................
. LaTeX info: "xparse/define-environment"
. 
. Defining environment 'BNiceMatrix' with sig. '' on line 122.
.................................................
.................................................
. LaTeX info: "xparse/define-environment"
. 
. Defining environment 'vNiceMatrix' with sig. '' on line 125.
.................................................
.................................................
. LaTeX info: "xparse/define-environment"
. 
. Defining environment 'VNiceMatrix' with sig. '' on line 128.
.................................................
.................................................
. LaTeX info: "xparse/define-command"
. 
. Defining command \__nm_Ldots with sig. 's' on line 357.
.................................................
.................................................
. LaTeX info: "xparse/define-command"
. 
. Defining command \__nm_Cdots with sig. 's' on line 361.
.................................................
.................................................
. LaTeX info: "xparse/define-command"
. 
. Defining command \__nm_Vdots with sig. 's' on line 365.
.................................................
.................................................
. LaTeX info: "xparse/define-command"
. 
. Defining command \__nm_Ddots with sig. 's' on line 369.
.................................................
.................................................
. LaTeX info: "xparse/define-command"
. 
. Defining command \__nm_Iddots with sig. 's' on line 373.
.................................................
) (/usr/share/texlive/texmf-dist/tex/latex/booktabs/booktabs.sty
Package: booktabs 2016/04/27 v1.618033 publication quality tables
\heavyrulewidth=\dimen263
\lightrulewidth=\dimen264
\cmidrulewidth=\dimen265
\belowrulesep=\dimen266
\belowbottomsep=\dimen267
\aboverulesep=\dimen268
\abovetopsep=\dimen269
\cmidrulesep=\dimen270
\cmidrulekern=\dimen271
\defaultaddspace=\dimen272
\@cmidla=\count308
\@cmidlb=\count309
\@aboverulesep=\dimen273
\@belowrulesep=\dimen274
\@thisruleclass=\count310
\@lastruleclass=\count311
\@thisrulewidth=\dimen275
) (/usr/share/texlive/texmf-dist/tex/latex/pgfplots/pgfplots.sty (/usr/share/texlive/texmf-dist/tex/generic/pgfplots/pgfplots.revision.tex)
Package: pgfplots 2017/06/05 v1.15 Data Visualization (1.15)
 (/usr/share/texlive/texmf-dist/tex/generic/pgfplots/pgfplots.code.tex (/usr/share/texlive/texmf-dist/tex/generic/pgfplots/pgfplotscore.code.tex
\t@pgfplots@toka=\toks34
\t@pgfplots@tokb=\toks35
\t@pgfplots@tokc=\toks36
\pgfplots@tmpa=\dimen276
\c@pgfplots@coordindex=\count312
\c@pgfplots@scanlineindex=\count313
 (/usr/share/texlive/texmf-dist/tex/generic/pgfplots/sys/pgfplotssysgeneric.code.tex)) (/usr/share/texlive/texmf-dist/tex/generic/pgfplots/libs/pgfplotslibrary.code.tex) (/usr/share/texlive/texmf-dist/tex/generic/pgfplots/oldpgfcompatib/pgfplotsoldpgfsupp_loader.code.tex (/usr/share/texlive/texmf-dist/tex/generic/pgf/libraries/pgflibraryfpu.code.tex)
Package pgfplots: loading complementary arithmetics for your pgf version...
(/usr/share/texlive/texmf-dist/tex/generic/pgfplots/oldpgfcompatib/pgfplotsoldpgfsupp_pgflibraryfpu.code.tex) (/usr/share/texlive/texmf-dist/tex/generic/pgfplots/oldpgfcompatib/pgfplotsoldpgfsupp_pgfmathfloat.code.tex
\c@pgfmathroundto@lastzeros=\count314
)) (/usr/share/texlive/texmf-dist/tex/generic/pgfplots/util/pgfplotsutil.code.tex (/usr/share/texlive/texmf-dist/tex/generic/pgfplots/liststructure/pgfplotsliststructure.code.tex) (/usr/share/texlive/texmf-dist/tex/generic/pgfplots/liststructure/pgfplotsliststructureext.code.tex) (/usr/share/texlive/texmf-dist/tex/generic/pgfplots/liststructure/pgfplotsarray.code.tex
\c@pgfplotsarray@tmp=\count315
) (/usr/share/texlive/texmf-dist/tex/generic/pgfplots/liststructure/pgfplotsmatrix.code.tex) (/usr/share/texlive/texmf-dist/tex/generic/pgfplots/numtable/pgfplotstableshared.code.tex
\c@pgfplotstable@counta=\count316
\t@pgfplotstable@a=\toks37
) (/usr/share/texlive/texmf-dist/tex/generic/pgfplots/liststructure/pgfplotsdeque.code.tex) (/usr/share/texlive/texmf-dist/tex/generic/pgfplots/util/pgfplotsbinary.code.tex (/usr/share/texlive/texmf-dist/tex/generic/pgfplots/util/pgfplotsbinary.data.code.tex)) (/usr/share/texlive/texmf-dist/tex/generic/pgfplots/util/pgfplotsutil.verb.code.tex) (/usr/share/texlive/texmf-dist/tex/generic/pgfplots/libs/pgflibrarypgfplots.surfshading.code.tex
\c@pgfplotslibrarysurf@no=\count317
 (/usr/share/texlive/texmf-dist/tex/generic/pgfplots/sys/pgflibrarypgfplots.surfshading.pgfsys-pdftex.def))) (/usr/share/texlive/texmf-dist/tex/generic/pgfplots/util/pgfplotscolormap.code.tex (/usr/share/texlive/texmf-dist/tex/generic/pgfplots/util/pgfplotscolor.code.tex)) (/usr/share/texlive/texmf-dist/tex/generic/pgfplots/pgfplotsstackedplots.code.tex) (/usr/share/texlive/texmf-dist/tex/generic/pgfplots/pgfplotsplothandlers.code.tex (/usr/share/texlive/texmf-dist/tex/generic/pgfplots/pgfplotsmeshplothandler.code.tex (/usr/share/texlive/texmf-dist/tex/generic/pgfplots/pgfplotsmeshplotimage.code.tex))) (/usr/share/texlive/texmf-dist/tex/generic/pgfplots/pgfplots.scaling.code.tex) (/usr/share/texlive/texmf-dist/tex/generic/pgfplots/pgfplotscoordprocessing.code.tex) (/usr/share/texlive/texmf-dist/tex/generic/pgfplots/pgfplots.errorbars.code.tex) (/usr/share/texlive/texmf-dist/tex/generic/pgfplots/pgfplots.markers.code.tex) (/usr/share/texlive/texmf-dist/tex/generic/pgfplots/pgfplotsticks.code.tex) (/usr/share/texlive/texmf-dist/tex/generic/pgfplots/pgfplots.paths.code.tex) (/usr/share/texlive/texmf-dist/tex/generic/pgf/frontendlayer/tikz/libraries/tikzlibrarydecorations.code.tex (/usr/share/texlive/texmf-dist/tex/generic/pgf/modules/pgfmoduledecorations.code.tex
\pgfdecoratedcompleteddistance=\dimen277
\pgfdecoratedremainingdistance=\dimen278
\pgfdecoratedinputsegmentcompleteddistance=\dimen279
\pgfdecoratedinputsegmentremainingdistance=\dimen280
\pgf@decorate@distancetomove=\dimen281
\pgf@decorate@repeatstate=\count318
\pgfdecorationsegmentamplitude=\dimen282
\pgfdecorationsegmentlength=\dimen283
)
\tikz@lib@dec@box=\box56
) (/usr/share/texlive/texmf-dist/tex/generic/pgf/frontendlayer/tikz/libraries/tikzlibrarydecorations.pathmorphing.code.tex (/usr/share/texlive/texmf-dist/tex/generic/pgf/libraries/decorations/pgflibrarydecorations.pathmorphing.code.tex)) (/usr/share/texlive/texmf-dist/tex/generic/pgf/frontendlayer/tikz/libraries/tikzlibrarydecorations.pathreplacing.code.tex (/usr/share/texlive/texmf-dist/tex/generic/pgf/libraries/decorations/pgflibrarydecorations.pathreplacing.code.tex))
\pgfplots@numplots=\count319
\pgfplots@xmin@reg=\dimen284
\pgfplots@xmax@reg=\dimen285
\pgfplots@ymin@reg=\dimen286
\pgfplots@ymax@reg=\dimen287
\pgfplots@zmin@reg=\dimen288
\pgfplots@zmax@reg=\dimen289
) (/usr/share/texlive/texmf-dist/tex/generic/pgf/frontendlayer/tikz/libraries/tikzlibraryplotmarks.code.tex
File: tikzlibraryplotmarks.code.tex 2008/01/09 v3.0.1a (rcs-revision 1.1)
 (/usr/share/texlive/texmf-dist/tex/generic/pgf/libraries/pgflibraryplotmarks.code.tex
File: pgflibraryplotmarks.code.tex 2015/08/03 v3.0.1a (rcs-revision 1.14)
))) (/usr/share/texlive/texmf-dist/tex/latex/dutchcal/dutchcal.sty
Package: dutchcal 2011/06/16 v1 U/dutchcal
 (/usr/share/texlive/texmf-dist/tex/latex/xkeyval/xkeyval.sty
Package: xkeyval 2014/12/03 v2.7a package option processing (HA)
 (/usr/share/texlive/texmf-dist/tex/generic/xkeyval/xkeyval.tex (/usr/share/texlive/texmf-dist/tex/generic/xkeyval/xkvutils.tex
\XKV@toks=\toks38
\XKV@tempa@toks=\toks39
)
\XKV@depth=\count320
File: xkeyval.tex 2014/12/03 v2.7a key=value parser (HA)
))
LaTeX Font Info:    Redeclaring math alphabet \mathcal on input line 8.
LaTeX Font Info:    Overwriting math alphabet `\mathcal' in version `bold'
(Font)                  U/dutchcal/m/n --> U/dutchcal/b/n on input line 9.
) (/usr/share/texlive/texmf-dist/tex/latex/bbm-macros/bbm.sty
Package: bbm 1999/03/15 V 1.2 provides fonts for set symbols - TH
LaTeX Font Info:    Overwriting math alphabet `\mathbbm' in version `bold'
(Font)                  U/bbm/m/n --> U/bbm/bx/n on input line 33.
LaTeX Font Info:    Overwriting math alphabet `\mathbbmss' in version `bold'
(Font)                  U/bbmss/m/n --> U/bbmss/bx/n on input line 35.
) (/usr/share/texlive/texmf-dist/tex/latex/listings/listings.sty
\lst@mode=\count321
\lst@gtempboxa=\box57
\lst@token=\toks40
\lst@length=\count322
\lst@currlwidth=\dimen290
\lst@column=\count323
\lst@pos=\count324
\lst@lostspace=\dimen291
\lst@width=\dimen292
\lst@newlines=\count325
\lst@lineno=\count326
\lst@maxwidth=\dimen293
 (/usr/share/texlive/texmf-dist/tex/latex/listings/lstmisc.sty
File: lstmisc.sty 2015/06/04 1.6 (Carsten Heinz)
\c@lstnumber=\count327
\lst@skipnumbers=\count328
\lst@framebox=\box58
) (/usr/share/texlive/texmf-dist/tex/latex/listings/listings.cfg
File: listings.cfg 2015/06/04 1.6 listings configuration
))
Package: listings 2015/06/04 1.6 (Carsten Heinz)
\c@theorem=\count329
\c@corollary=\count330
\c@proof=\count331
\c@example=\count332
\c@proposition=\count333
\c@exercise=\count334
\c@eexercise=\count335
\c@definition=\count336
 (/home/enrico/latex/Analisi-Matematica-2/Appunti.aux (/home/enrico/latex/Analisi-Matematica-2/Lezioni/lez-01.aux) (/home/enrico/latex/Analisi-Matematica-2/Lezioni/lez-02.aux) (/home/enrico/latex/Analisi-Matematica-2/Lezioni/lez-03.aux) (/home/enrico/latex/Analisi-Matematica-2/Lezioni/lez-04.aux) (/home/enrico/latex/Analisi-Matematica-2/Lezioni/lez-05.aux) (/home/enrico/latex/Analisi-Matematica-2/Lezioni/lez-06.aux) (/home/enrico/latex/Analisi-Matematica-2/Lezioni/lez-07.aux) (/home/enrico/latex/Analisi-Matematica-2/Lezioni/lez-08.aux) (/home/enrico/latex/Analisi-Matematica-2/Lezioni/lez-09.aux) (/home/enrico/latex/Analisi-Matematica-2/Lezioni/lez-10.aux) (/home/enrico/latex/Analisi-Matematica-2/Lezioni/lez-11.aux) (/home/enrico/latex/Analisi-Matematica-2/Lezioni/lez-12.aux) (/home/enrico/latex/Analisi-Matematica-2/Lezioni/lez-13.aux) (/home/enrico/latex/Analisi-Matematica-2/Esercitazioni/es-01.aux) (/home/enrico/latex/Analisi-Matematica-2/Esercitazioni/es-02.aux) (/home/enrico/latex/Analisi-Matematica-2/Esercitazioni/es-03.aux) (/home/enrico/latex/Analisi-Matematica-2/ListaTeoremiOrale/teo-01.aux) (/home/enrico/latex/Analisi-Matematica-2/ListaTeoremiOrale/teo-02.aux) (/home/enrico/latex/Analisi-Matematica-2/ListaTeoremiOrale/teo-03.aux) (/home/enrico/latex/Analisi-Matematica-2/ListaTeoremiOrale/teo-04.aux) (/home/enrico/latex/Analisi-Matematica-2/ListaTeoremiOrale/teo-05.aux) (/home/enrico/latex/Analisi-Matematica-2/ListaTeoremiOrale/teo-06.aux) (/home/enrico/latex/Analisi-Matematica-2/ListaTeoremiOrale/teo-07.aux) (/home/enrico/latex/Analisi-Matematica-2/ListaTeoremiOrale/teo-08.aux) (/home/enrico/latex/Analisi-Matematica-2/ListaTeoremiOrale/teo-09.aux) (/home/enrico/latex/Analisi-Matematica-2/ListaTeoremiOrale/teo-10.aux) (/home/enrico/latex/Analisi-Matematica-2/ListaTeoremiOrale/teo-11.aux) (/home/enrico/latex/Analisi-Matematica-2/ListaTeoremiOrale/teo-12.aux

LaTeX Warning: Label `tml_v2' multiply defined.

) (/home/enrico/latex/Analisi-Matematica-2/ListaTeoremiOrale/teo-13.aux) (/home/enrico/latex/Analisi-Matematica-2/ListaTeoremiOrale/teo-14.aux) (/home/enrico/latex/Analisi-Matematica-2/ListaTeoremiOrale/teo-15.aux))
\openout1 = `Appunti.aux'.

LaTeX Font Info:    Checking defaults for OML/cmm/m/it on input line 66.
LaTeX Font Info:    ... okay on input line 66.
LaTeX Font Info:    Checking defaults for T1/cmr/m/n on input line 66.
LaTeX Font Info:    ... okay on input line 66.
LaTeX Font Info:    Checking defaults for OT1/cmr/m/n on input line 66.
LaTeX Font Info:    ... okay on input line 66.
LaTeX Font Info:    Checking defaults for OMS/cmsy/m/n on input line 66.
LaTeX Font Info:    ... okay on input line 66.
LaTeX Font Info:    Checking defaults for OMX/cmex/m/n on input line 66.
LaTeX Font Info:    ... okay on input line 66.
LaTeX Font Info:    Checking defaults for U/cmr/m/n on input line 66.
LaTeX Font Info:    ... okay on input line 66.
LaTeX Font Info:    Checking defaults for PD1/pdf/m/n on input line 66.
LaTeX Font Info:    ... okay on input line 66.
 (/usr/share/texlive/texmf-dist/tex/context/base/mkii/supp-pdf.mkii
[Loading MPS to PDF converter (version 2006.09.02).]
\scratchcounter=\count337
\scratchdimen=\dimen294
\scratchbox=\box59
\nofMPsegments=\count338
\nofMParguments=\count339
\everyMPshowfont=\toks41
\MPscratchCnt=\count340
\MPscratchDim=\dimen295
\MPnumerator=\count341
\makeMPintoPDFobject=\count342
\everyMPtoPDFconversion=\toks42
) (/usr/share/texlive/texmf-dist/tex/latex/oberdiek/epstopdf-base.sty
Package: epstopdf-base 2016/05/15 v2.6 Base part for package epstopdf
 (/usr/share/texlive/texmf-dist/tex/latex/oberdiek/grfext.sty
Package: grfext 2016/05/16 v1.2 Manage graphics extensions (HO)
)
Package epstopdf-base Info: Redefining graphics rule for `.eps' on input line 438.
Package grfext Info: Graphics extension search list:
(grfext)             [.pdf,.png,.jpg,.mps,.jpeg,.jbig2,.jb2,.PDF,.PNG,.JPG,.JPEG,.JBIG2,.JB2,.eps]
(grfext)             \AppendGraphicsExtensions on input line 456.
 (/usr/share/texlive/texmf-dist/tex/latex/latexconfig/epstopdf-sys.cfg
File: epstopdf-sys.cfg 2010/07/13 v1.3 Configuration of (r)epstopdf for TeX Live
))
\AtBeginShipoutBox=\box60
Package hyperref Info: Link coloring OFF on input line 66.
 (/usr/share/texlive/texmf-dist/tex/latex/hyperref/nameref.sty
Package: nameref 2016/05/21 v2.44 Cross-referencing by name of section
 (/usr/share/texlive/texmf-dist/tex/generic/oberdiek/gettitlestring.sty
Package: gettitlestring 2016/05/16 v1.5 Cleanup title references (HO)
)
\c@section@level=\count343
)
LaTeX Info: Redefining \ref on input line 66.
LaTeX Info: Redefining \pageref on input line 66.
LaTeX Info: Redefining \nameref on input line 66.
 (/home/enrico/latex/Analisi-Matematica-2/Appunti.out) (/home/enrico/latex/Analisi-Matematica-2/Appunti.out)
\@outlinefile=\write4
\openout4 = `Appunti.out'.

 ABD: EveryShipout initializing macros

Package pgfplots Warning: running in backwards compatibility mode (unsuitable tick labels; missing features). Consider writing \pgfplotsset{compat=1.15} into your preamble.
 on input line 66.

\c@lstlisting=\count344
LaTeX Font Info:    Try loading font information for U+bbold on input line 68.
(/usr/share/texlive/texmf-dist/tex/latex/bbold/Ubbold.fd)
LaTeX Font Info:    Try loading font information for U+msa on input line 68.
 (/usr/share/texlive/texmf-dist/tex/latex/amsfonts/umsa.fd
File: umsa.fd 2013/01/14 v3.01 AMS symbols A
)
LaTeX Font Info:    Try loading font information for U+msb on input line 68.
 (/usr/share/texlive/texmf-dist/tex/latex/amsfonts/umsb.fd
File: umsb.fd 2013/01/14 v3.01 AMS symbols B
) [1

{/var/lib/texmf/fonts/map/pdftex/updmap/pdftex.map}] (/home/enrico/latex/Analisi-Matematica-2/Appunti.toc
Missing character: There is no Â in font cmr10!
Missing character: There is no ° in font cmr10!
Missing character: There is no Â in font cmr10!
Missing character: There is no ° in font cmr10!
pdfTeX warning (ext4): destination with the same identifier (name{page.1}) has been already used, duplicate ignored
<to be read again> 
                   \relax 
l.41 ...egno di una matrice}{35}{subsection.1.8.4}
                                                   [1

] [2]
Missing character: There is no â in font cmr10!
Missing character: There is no € in font cmr10!
Missing character: There is no ™ in font cmr10!
)
\tf@toc=\write5
\openout5 = `Appunti.toc'.

 [3]
\openout2 = `Lezioni/lez-01.aux'.

 (/home/enrico/latex/Analisi-Matematica-2/Lezioni/lez-01.tex
Chapter 1.

Underfull \hbox (badness 10000) in paragraph at lines 3--10

 []


Underfull \hbox (badness 10000) in paragraph at lines 3--10

 []

[4



]
LaTeX Font Info:    Try loading font information for OMS+cmr on input line 46.
 (/usr/share/texlive/texmf-dist/tex/latex/base/omscmr.fd
File: omscmr.fd 2014/09/29 v2.5h Standard LaTeX font definitions
)
LaTeX Font Info:    Font shape `OMS/cmr/m/it' in size <10> not available
(Font)              Font shape `OMS/cmsy/m/n' tried instead on input line 46.
 [5]) [6]
\openout2 = `Lezioni/lez-02.aux'.

 (/home/enrico/latex/Analisi-Matematica-2/Lezioni/lez-02.tex
Overfull \hbox (3.69254pt too wide) in paragraph at lines 3--5
[]\OT1/cmr/m/it/10 Si chiama $[]$ di
 []


Overfull \hbox (40.2578pt too wide) in paragraph at lines 22--24
[]\OT1/cmr/m/it/10 L'insieme di tutti i punti di A che non sono di fron-tiera si chiama $[]$
 []


Overfull \hbox (0.63162pt too wide) in paragraph at lines 48--49
[]\OT1/cmr/m/it/10 Sia $\OML/cmm/m/it/10 f \OT1/cmr/m/n/10 : \OML/cmm/m/it/10 A \OMS/cmsy/m/n/10 ^^R \U/bbold/m/n/10 R[] \OMS/cmsy/m/n/10 !
 []

[7


] [8] [9]) [10]
\openout2 = `Lezioni/lez-03.aux'.

 (/home/enrico/latex/Analisi-Matematica-2/Lezioni/lez-03.tex

Package hyperref Warning: Token not allowed in a PDF string (PDFDocEncoding):
(hyperref)                removing `math shift' on input line 2.


Package hyperref Warning: Token not allowed in a PDF string (PDFDocEncoding):
(hyperref)                removing `superscript' on input line 2.


Package hyperref Warning: Token not allowed in a PDF string (PDFDocEncoding):
(hyperref)                removing `math shift' on input line 2.


Underfull \hbox (badness 10000) in paragraph at lines 17--20

 []

LaTeX Font Info:    Font shape `OMS/cmr/m/n' in size <10> not available
(Font)              Font shape `OMS/cmsy/m/n' tried instead on input line 24.
[11


]
Underfull \hbox (badness 10000) in paragraph at lines 68--73

 []

[12]
Underfull \hbox (badness 10000) in paragraph at lines 87--92

 []


Underfull \hbox (badness 10000) in paragraph at lines 87--92

 []


Overfull \hbox (26.39444pt too wide) in paragraph at lines 87--92
[]$\OT1/cmr/m/n/10 : Definire il "pi-ano tan-gente" alla "su-per-fi-cie" $\OML/cmm/m/it/10 G[]$ \OT1/cmr/m/n/10 nel punto $(\OML/cmm/m/it/10 x[]; y[]; f\OT1/cmr/m/n/10 (\OML/cmm/m/it/10 x[]; y[]\OT1/cmr/m/n/10 ))$
 []

[13]) [14]
\openout2 = `Lezioni/lez-04.aux'.

 (/home/enrico/latex/Analisi-Matematica-2/Lezioni/lez-04.tex
Overfull \hbox (19.34103pt too wide) in paragraph at lines 26--28
\OT1/cmr/m/it/10 feren-zi-a-bile in $\OML/cmm/m/it/10 p[]$\OT1/cmr/m/it/10 . Si chiama $[]$ al grafico $\OML/cmm/m/it/10 G[]$ \OT1/cmr/m/it/10 nel punto $\OT1/cmr/m/n/10 (\OML/cmm/m/it/10 x[]; y[]; f\OT1/cmr/m/n/10 (\OML/cmm/m/it/10 x[]; y[]\OT1/cmr/m/n/10 ))$
 []

[15


]
Underfull \hbox (badness 10000) in paragraph at lines 34--36

 []


Package hyperref Warning: Token not allowed in a PDF string (PDFDocEncoding):
(hyperref)                removing `math shift' on input line 39.


Package hyperref Warning: Token not allowed in a PDF string (PDFDocEncoding):
(hyperref)                removing `\geq' on input line 39.


Package hyperref Warning: Token not allowed in a PDF string (PDFDocEncoding):
(hyperref)                removing `math shift' on input line 39.


Overfull \hbox (88.85889pt too wide) in paragraph at lines 41--44
\OT1/cmr/m/n/10 dove $\OML/cmm/m/it/10 i \OT1/cmr/m/n/10 = 1\OML/cmm/m/it/10 ; :::; n$\OT1/cmr/m/n/10 , $\OML/cmm/m/it/10 e[]; :::; e[]$ \OT1/cmr/m/n/10 de-nota la base canon-ica di $\U/bbold/m/n/10 R[]$\OT1/cmr/m/n/10 , cio^^Re $\OML/cmm/m/it/10 e[] \OT1/cmr/m/n/10 = (0\OML/cmm/m/it/10 ; \OT1/cmr/m/n/10 0\OML/cmm/m/it/10 ; :::; \OT1/cmr/m/n/10 0\OML/cmm/m/it/10 ; \OT1/cmr/m/n/10 1[]\OML/cmm/m/it/10 ; \OT1/cmr/m/n/10 0\OML/cmm/m/it/10 ; \OT1/cmr/m/n/10 0\OML/cmm/m/it/10 ; :::; \OT1/cmr/m/n/10 0)$ 
 []


Overfull \hbox (59.73163pt too wide) in paragraph at lines 47--49
[]\OT1/cmr/m/it/10 f si dice $[]$ in un punto $\OML/cmm/m/it/10 p[] \OMS/cmsy/m/n/10 2 \OML/cmm/m/it/10 A$ \OT1/cmr/m/it/10 se es-iste un'$[]$
 []

[16]
Underfull \hbox (badness 10000) in paragraph at lines 85--92

 []

[17] [18]) [19]
\openout2 = `Lezioni/lez-05.aux'.

 (/home/enrico/latex/Analisi-Matematica-2/Lezioni/lez-05.tex [20


]
Overfull \hbox (5.80156pt too wide) in paragraph at lines 57--58
[]\OT1/cmr/m/it/10 Un vet-tore $\OML/cmm/m/it/10 v \OMS/cmsy/m/n/10 2 \U/bbold/m/n/10 R[]$ \OT1/cmr/m/it/10 si dice $[]$ ($[]$, $[]$)
 []

[21]
Overfull \hbox (9.32732pt too wide) in paragraph at lines 87--88
[]\OT1/cmr/m/it/10 Sia $\OML/cmm/m/it/10 f \OT1/cmr/m/n/10 : \OML/cmm/m/it/10 A \OMS/cmsy/m/n/10 ^^R
 []

[22]) [23]
\openout2 = `Lezioni/lez-06.aux'.

 (/home/enrico/latex/Analisi-Matematica-2/Lezioni/lez-06.tex
Overfull \hbox (18.22533pt too wide) in paragraph at lines 17--18
[]\OT1/cmr/m/it/10 Se $\OML/cmm/m/it/10 f; g$ \OT1/cmr/m/it/10 sono deriv-abli, rispet-
 []

Missing character: There is no Â in font cmbx12!
Missing character: There is no ° in font cmbx12!
[24


] [25]
Missing character: There is no Â in font cmbx12!
Missing character: There is no ° in font cmbx12!

Overfull \hbox (0.82529pt too wide) in paragraph at lines 85--90
\OT1/cmr/m/n/10 Sia $\OML/cmm/m/it/10 f \OT1/cmr/m/n/10 : \OML/cmm/m/it/10 B \OMS/cmsy/m/n/10 ^^R \U/bbold/m/n/10 R[] \OMS/cmsy/m/n/10 ! \U/bbold/m/n/10 R$\OT1/cmr/m/n/10 , B aperto, f dif-feren-zi-a-bile in $\OML/cmm/m/it/10 q[] \OT1/cmr/m/n/10 = (\OML/cmm/m/it/10 x[]; y[]\OT1/cmr/m/n/10 ) = (\OML/cmm/m/it/10 g[]\OT1/cmr/m/n/10 (\OML/cmm/m/it/10 p[]\OT1/cmr/m/n/10 )\OML/cmm/m/it/10 ; g[]\OT1/cmr/m/n/10 (\OML/cmm/m/it/10 p[]\OT1/cmr/m/n/10 ))$,
 []

[26]
Underfull \hbox (badness 10000) in paragraph at lines 120--123

 []


Overfull \hbox (10.77994pt too wide) in paragraph at lines 134--137
[]\OT1/cmr/m/it/10 La nozione di ma-trice Ja-co-biana gen-er-al-izza la nozione
 []

[27]
Overfull \hbox (31.49115pt too wide) in paragraph at lines 148--156
\OT1/cmr/m/it/10 Supponiamo che $[]$ 
 []

) [28]
\openout2 = `Lezioni/lez-07.aux'.

 (/home/enrico/latex/Analisi-Matematica-2/Lezioni/lez-07.tex
Overfull \hbox (8.9176pt too wide) in paragraph at lines 20--24
[]\OT1/cmr/m/it/10 [BDPG, 11.11]
 []


Underfull \hbox (badness 10000) in paragraph at lines 25--29

 []


Overfull \hbox (3.86166pt too wide) in paragraph at lines 29--34
\OT1/cmr/m/n/10 Con queste no-tazioni, vale la seguente gen-er-al-iz-zazione del teo-rema sull'inversione
 []

[29


]
Overfull \hbox (54.60869pt too wide) in paragraph at lines 59--61
[]\OT1/cmr/m/it/10 Dato $\OML/cmm/m/it/10 m \OMS/cmsy/m/n/10 2 \U/bbold/m/n/10 N$\OT1/cmr/m/it/10 , $\OML/cmm/m/it/10 p[] \OT1/cmr/m/n/10 = (\OML/cmm/m/it/10 x[]; y[]\OT1/cmr/m/n/10 ) \OMS/cmsy/m/n/10 2 \U/bbold/m/n/10 R[]$ \OT1/cmr/m/it/10 fis-sato, si chiama $[]$
 []


Overfull \hbox (4.16302pt too wide) in paragraph at lines 79--81
[]\OT1/cmr/m/it/10 Data $\OML/cmm/m/it/10 f \OMS/cmsy/m/n/10 2 \OML/cmm/m/it/10 C[]\OT1/cmr/m/n/10 (\OML/cmm/m/it/10 A\OT1/cmr/m/n/10 )$\OT1/cmr/m/it/10 , $\OML/cmm/m/it/10 A \OMS/cmsy/m/n/10 2 \U/bbold/m/n/10 R[]$ \OT1/cmr/m/it/10 aperto, si chiama, $[]$
 []

[30]
Overfull \hbox (63.10684pt too wide) detected at line 111
\OT1/cmr/m/n/10 = \OML/cmm/m/it/10 v[] [] \OT1/cmr/m/n/10 + \OML/cmm/m/it/10 v[] [] \OT1/cmr/m/n/10 =
 []

[31]) [32]
\openout2 = `Lezioni/lez-08.aux'.

 (/home/enrico/latex/Analisi-Matematica-2/Lezioni/lez-08.tex
Overfull \hbox (0.79033pt too wide) in paragraph at lines 3--6
\OT1/cmr/bx/n/10 Problema: \OT1/cmr/m/n/10 Dato un in-sieme $\OML/cmm/m/it/10 A \OMS/cmsy/m/n/10 ^^R \U/bbold/m/n/10 R[]$ \OT1/cmr/m/n/10 e data $\OML/cmm/m/it/10 f \OT1/cmr/m/n/10 : \OML/cmm/m/it/10 A \OMS/cmsy/m/n/10 ! \U/bbold/m/n/10 R$\OT1/cmr/m/n/10 , de-ter-minare, $[]$,
 []


Underfull \hbox (badness 10000) in paragraph at lines 31--35

 []


Underfull \hbox (badness 10000) in paragraph at lines 37--40

 []

[33


]
Underfull \hbox (badness 10000) in paragraph at lines 58--63

 []

[34] [35] [36]) [37]
\openout2 = `Lezioni/lez-09.aux'.

 (/home/enrico/latex/Analisi-Matematica-2/Lezioni/lez-09.tex [38


]
Underfull \hbox (badness 10000) in paragraph at lines 50--57

 []


Underfull \hbox (badness 10000) in paragraph at lines 72--75

 []

[39]
Underfull \hbox (badness 10000) in paragraph at lines 81--85

 []


Underfull \hbox (badness 10000) in paragraph at lines 95--101

 []


Underfull \hbox (badness 10000) in paragraph at lines 95--101

 []

[40]
Overfull \hbox (4.95793pt too wide) in paragraph at lines 112--114
[]\OT1/cmr/m/it/10 Sia $\OML/cmm/m/it/10 f \OMS/cmsy/m/n/10 2
 []


Overfull \hbox (5.12447pt too wide) in paragraph at lines 147--153
[]\OT1/cmr/m/it/10 [BDPG, 13.3] []Sup-poni-
 []

[41] [42]
Overfull \hbox (13.97945pt too wide) detected at line 207
[]  \OMS/cmsy/m/n/10 ([])  \OT1/cmr/m/n/10 (\OML/cmm/m/it/10 x; y; z; ^^U\OT1/cmr/m/n/10 ) = []
 []

Missing character: There is no Ã in font cmr10!
Missing character: There is no ¹ in font cmr10!
) [43]
\openout2 = `Lezioni/lez-10.aux'.

 (/home/enrico/latex/Analisi-Matematica-2/Lezioni/lez-10.tex
Chapter 2.

Underfull \hbox (badness 10000) in paragraph at lines 6--10

 []


Underfull \hbox (badness 10000) in paragraph at lines 6--10

 []

LaTeX Font Info:    Try loading font information for U+dutchcal on input line 21.
(/usr/share/texlive/texmf-dist/tex/latex/dutchcal/udutchcal.fd
File: udutchcal.fd 2011/06/16 Fontinst v1.933 font definitions for U/dutchcal.
)
LaTeX Font Info:    Font shape `U/dutchcal/m/n' will be
(Font)              scaled to size 10.0pt on input line 21.
LaTeX Font Info:    Font shape `U/dutchcal/m/n' will be
(Font)              scaled to size 7.0pt on input line 21.
LaTeX Font Info:    Font shape `U/dutchcal/m/n' will be
(Font)              scaled to size 5.0pt on input line 21.
 [44



] [45]
Underfull \hbox (badness 10000) in paragraph at lines 61--64

 []


Overfull \hbox (0.50987pt too wide) in paragraph at lines 73--76
[]\OT1/cmr/m/it/10 [BDPG, 14.5] Siano $\OML/cmm/m/it/10 f; g \OMS/cmsy/m/n/10 2 \U/dutchcal/m/n/10 R\OT1/cmr/m/n/10 (\OML/cmm/m/it/10 Q\OT1/cmr/m/n/10 )$
 []

[46]
Overfull \hbox (5.32452pt too wide) in paragraph at lines 89--92
[]\OT1/cmr/m/it/10 [BDPG, 14.6] Siano
 []


Underfull \hbox (badness 10000) in paragraph at lines 115--119

 []

[47]) [48]
\openout2 = `Lezioni/lez-11.aux'.

 (/home/enrico/latex/Analisi-Matematica-2/Lezioni/lez-11.tex [49


]
Overfull \hbox (4.2856pt too wide) in paragraph at lines 49--52
[]\OT1/cmr/m/it/10 [BDPG,14.9]
 []


Overfull \hbox (15.85536pt too wide) in paragraph at lines 67--68
[]\OT1/cmr/m/it/10 Siano $\OML/cmm/m/it/10 g[]; g[] \OT1/cmr/m/n/10 : [\OML/cmm/m/it/10 a; b\OT1/cmr/m/n/10 ] \OMS/cmsy/m/n/10 !
 []


Overfull \hbox (18.25354pt too wide) in paragraph at lines 78--82
[]\OT1/cmr/m/it/10 [BDPG,
 []

[50]
Overfull \hbox (23.30077pt too wide) in paragraph at lines 97--101
[]\OT1/cmr/m/it/10 [BDPG,14.15]
 []


Overfull \hbox (14.1527pt too wide) in paragraph at lines 112--114
[]$[]$ \OT1/cmr/m/it/10 (o nor-male) rispetto all'asse y se es-istono $\OML/cmm/m/it/10 g[]; g[] \OMS/cmsy/m/n/10 2 \OML/cmm/m/it/10 C[]\OT1/cmr/m/n/10 ([\OML/cmm/m/it/10 a; b\OT1/cmr/m/n/10 ])$
 []

[51]
Overfull \hbox (7.90367pt too wide) in paragraph at lines 126--131
[]\OT1/cmr/m/it/10 [BDPG,14.17]
 []


Underfull \hbox (badness 10000) in paragraph at lines 146--149

 []


Underfull \hbox (badness 10000) in paragraph at lines 154--158

 []

[52]) [53]
\openout2 = `Lezioni/lez-12.aux'.

 (/home/enrico/latex/Analisi-Matematica-2/Lezioni/lez-12.tex
Underfull \hbox (badness 10000) in paragraph at lines 15--19

 []

[54


]
Underfull \hbox (badness 10000) in paragraph at lines 39--43

 []

[55]
Overfull \hbox (16.95654pt too wide) in paragraph at lines 59--62
\OT1/cmr/m/n/10 Utilizziamo le co-or-di-nate po-lari, cio^^Re con-sid-e-ri-amo l'applicazione $\OML/cmm/m/it/10   \OT1/cmr/m/n/10 : (0\OML/cmm/m/it/10 ; \OT1/cmr/m/n/10 +\OMS/cmsy/m/n/10 1\OT1/cmr/m/n/10 ) \OMS/cmsy/m/n/10 ^^B
 []


Underfull \hbox (badness 10000) in paragraph at lines 73--84

 []


Overfull \hbox (12.4845pt too wide) in paragraph at lines 89--94
\OT1/cmr/m/n/10 Se $\OML/cmm/m/it/10 d^^Z$ \OT1/cmr/m/n/10 e $\OML/cmm/m/it/10 d#$ \OT1/cmr/m/n/10 sono "molto pic-coli", $\OML/cmm/m/it/10 dA \OT1/cmr/m/n/10 = \OML/cmm/m/it/10 dxdy [] area\OT1/cmr/m/n/10 (\OML/cmm/m/it/10 Q\OT1/cmr/m/n/10 ) [] \OML/cmm/m/it/10 lunghezza\OT1/cmr/m/n/10 (\OML/cmm/m/it/10 L[]\OT1/cmr/m/n/10 )\OML/cmm/m/it/10 d^^Z \OT1/cmr/m/n/10 =
 []

[56]
Underfull \hbox (badness 10000) in paragraph at lines 125--128

 []


Overfull \hbox (37.43541pt too wide) in paragraph at lines 129--133
[]\OT1/cmr/m/it/10 [BDPG,14.19]
 []

[57]
Underfull \hbox (badness 10000) in paragraph at lines 138--144

 []


Underfull \hbox (badness 10000) in paragraph at lines 138--144

 []


Overfull \hbox (6.41727pt too wide) in paragraph at lines 138--144
\OT1/cmr/m/it/10 L'insieme D rap-p-re-senta un'elisse con semi-assi di lunghezza a e b. L'insieme
 []

[58]
Underfull \hbox (badness 10000) in paragraph at lines 164--169

 []


Underfull \hbox (badness 10000) in paragraph at lines 164--169

 []

[59]) [60]
\openout2 = `Lezioni/lez-13.aux'.

 (/home/enrico/latex/Analisi-Matematica-2/Lezioni/lez-13.tex [61


]) [62]
\openout2 = `Esercitazioni/es-01.aux'.

 (/home/enrico/latex/Analisi-Matematica-2/Esercitazioni/es-01.tex
Chapter 3.

Overfull \hbox (1.24283pt too wide) in paragraph at lines 14--27
\OML/cmm/m/it/10 A[] \OT1/cmr/m/n/10 = \U/bbold/m/n/10 R[] \OMS/cmsy/m/n/10 n \OML/cmm/m/it/10 A$ \OT1/cmr/m/it/10 ^^Re aperto. Fisso ora $\OT1/cmr/m/n/10 (\OML/cmm/m/it/10 x[]; y[]\OT1/cmr/m/n/10 ) \OMS/cmsy/m/n/10 2 \OML/cmm/m/it/10 A[]$\OT1/cmr/m/it/10 , $\OML/cmm/m/it/10 r \OT1/cmr/m/n/10 = \OML/cmm/m/it/10 d\OT1/cmr/m/n/10 (\OML/cmm/m/it/10 @A; \OT1/cmr/m/n/10 (\OML/cmm/m/it/10 x[]; y[]\OT1/cmr/m/n/10 )) = [] []$\OT1/cmr/m/it/10 .
 []

[63



]
Overfull \hbox (27.12868pt too wide) detected at line 38
\OML/cmm/m/it/10 A \OT1/cmr/m/n/10 = \OMS/cmsy/m/n/10 f\OT1/cmr/m/n/10 (\OML/cmm/m/it/10 x; y\OT1/cmr/m/n/10 ) \OMS/cmsy/m/n/10 2 \U/bbold/m/n/10 R[] \OMS/cmsy/m/n/10 j \OML/cmm/m/it/10 y \OMS/cmsy/m/n/10 ^^U \OML/cmm/m/it/10 x[] \OMS/cmsy/m/n/10 _ \OML/cmm/m/it/10 y \OMS/cmsy/m/n/10 ^^T ^^@\OML/cmm/m/it/10 x[]\OMS/cmsy/m/n/10 g \OT1/cmr/m/n/10 = \OMS/cmsy/m/n/10 f\OT1/cmr/m/n/10 (\OML/cmm/m/it/10 x; y\OT1/cmr/m/n/10 ) \OMS/cmsy/m/n/10 2 \U/bbold/m/n/10 R[] \OMS/cmsy/m/n/10 j \OML/cmm/m/it/10 y \OMS/cmsy/m/n/10 ^^U \OML/cmm/m/it/10 x[]\OMS/cmsy/m/n/10 g [ f\OT1/cmr/m/n/10 (\OML/cmm/m/it/10 x; y\OT1/cmr/m/n/10 ) \OMS/cmsy/m/n/10 2 \U/bbold/m/n/10 R[] \OMS/cmsy/m/n/10 j \OML/cmm/m/it/10 y \OMS/cmsy/m/n/10 ^^T ^^@\OML/cmm/m/it/10 x[]\OMS/cmsy/m/n/10 g
 []

[64] [65]) [66]
\openout2 = `Esercitazioni/es-02.aux'.

 (/home/enrico/latex/Analisi-Matematica-2/Esercitazioni/es-02.tex [67


] [68]
Overfull \hbox (9.66373pt too wide) in paragraph at lines 59--62
\OML/cmm/m/it/10 y[] \OT1/cmr/m/n/10 + \OML/cmm/m/it/10 t[] \OMS/cmsy/m/n/10 ^^U \OT1/cmr/m/n/10 0$\OT1/cmr/m/it/10 , lo stesso vale per $[] \OMS/cmsy/m/n/10 ^^T []$ \OT1/cmr/m/it/10 e $[] \OMS/cmsy/m/n/10 ^^T []$\OT1/cmr/m/it/10 ,
 []


Underfull \hbox (badness 10000) in paragraph at lines 78--81

 []

[69]
Overfull \hbox (2.00244pt too wide) in paragraph at lines 112--115
\OT1/cmr/m/it/10 Ottenimao due ris-lu-tati di-versi, $[]$,
 []

[70]) [71]
\openout2 = `Esercitazioni/es-03.aux'.

 (/home/enrico/latex/Analisi-Matematica-2/Esercitazioni/es-03.tex [72


]
Underfull \hbox (badness 10000) in paragraph at lines 77--82

 []

[73] [74]
Underfull \hbox (badness 10000) in paragraph at lines 213--215

 []

) [75]
\openout2 = `ListaTeoremiOrale/teo-01.aux'.

 (/home/enrico/latex/Analisi-Matematica-2/ListaTeoremiOrale/teo-01.tex
Chapter 4.
[76



]) [77]
\openout2 = `ListaTeoremiOrale/teo-02.aux'.

 (/home/enrico/latex/Analisi-Matematica-2/ListaTeoremiOrale/teo-02.tex
LaTeX Font Info:    Font shape `U/dutchcal/m/n' will be
(Font)              scaled to size 12.0pt on input line 1.
LaTeX Font Info:    Font shape `U/dutchcal/m/n' will be
(Font)              scaled to size 8.0pt on input line 1.
LaTeX Font Info:    Font shape `U/dutchcal/m/n' will be
(Font)              scaled to size 6.0pt on input line 1.


Package hyperref Warning: Token not allowed in a PDF string (PDFDocEncoding):
(hyperref)                removing `math shift' on input line 1.


Package hyperref Warning: Token not allowed in a PDF string (PDFDocEncoding):
(hyperref)                removing `\subseteq' on input line 1.


Package hyperref Warning: Token not allowed in a PDF string (PDFDocEncoding):
(hyperref)                removing `superscript' on input line 1.


Package hyperref Warning: Token not allowed in a PDF string (PDFDocEncoding):
(hyperref)                removing `\to' on input line 1.


Package hyperref Warning: Token not allowed in a PDF string (PDFDocEncoding):
(hyperref)                removing `math shift' on input line 1.


Overfull \hbox (0.63162pt too wide) in paragraph at lines 3--4
[]\OT1/cmr/m/it/10 Sia $\OML/cmm/m/it/10 f \OT1/cmr/m/n/10 : \OML/cmm/m/it/10 A \OMS/cmsy/m/n/10 ^^R \U/bbold/m/n/10 R[] \OMS/cmsy/m/n/10 !
 []

) [78


]
\openout2 = `ListaTeoremiOrale/teo-03.aux'.

 (/home/enrico/latex/Analisi-Matematica-2/ListaTeoremiOrale/teo-03.tex

Package hyperref Warning: Token not allowed in a PDF string (PDFDocEncoding):
(hyperref)                removing `math shift' on input line 1.


Package hyperref Warning: Token not allowed in a PDF string (PDFDocEncoding):
(hyperref)                removing `\subseteq' on input line 1.


Package hyperref Warning: Token not allowed in a PDF string (PDFDocEncoding):
(hyperref)                removing `superscript' on input line 1.


Package hyperref Warning: Token not allowed in a PDF string (PDFDocEncoding):
(hyperref)                removing `\to' on input line 1.


Package hyperref Warning: Token not allowed in a PDF string (PDFDocEncoding):
(hyperref)                removing `math shift' on input line 1.

) [79


]
\openout2 = `ListaTeoremiOrale/teo-04.aux'.

 (/home/enrico/latex/Analisi-Matematica-2/ListaTeoremiOrale/teo-04.tex

Package hyperref Warning: Token not allowed in a PDF string (PDFDocEncoding):
(hyperref)                removing `math shift' on input line 2.


Package hyperref Warning: Token not allowed in a PDF string (PDFDocEncoding):
(hyperref)                removing `\subseteq' on input line 2.


Package hyperref Warning: Token not allowed in a PDF string (PDFDocEncoding):
(hyperref)                removing `superscript' on input line 2.


Package hyperref Warning: Token not allowed in a PDF string (PDFDocEncoding):
(hyperref)                removing `\to' on input line 2.


Package hyperref Warning: Token not allowed in a PDF string (PDFDocEncoding):
(hyperref)                removing `math shift' on input line 2.

) [80


]
\openout2 = `ListaTeoremiOrale/teo-05.aux'.

 (/home/enrico/latex/Analisi-Matematica-2/ListaTeoremiOrale/teo-05.tex

Package hyperref Warning: Token not allowed in a PDF string (PDFDocEncoding):
(hyperref)                removing `math shift' on input line 2.


Package hyperref Warning: Token not allowed in a PDF string (PDFDocEncoding):
(hyperref)                removing `\subseteq' on input line 2.


Package hyperref Warning: Token not allowed in a PDF string (PDFDocEncoding):
(hyperref)                removing `superscript' on input line 2.


Package hyperref Warning: Token not allowed in a PDF string (PDFDocEncoding):
(hyperref)                removing `\to' on input line 2.


Package hyperref Warning: Token not allowed in a PDF string (PDFDocEncoding):
(hyperref)                removing `math shift' on input line 2.


Underfull \hbox (badness 10000) in paragraph at lines 6--8

 []

) [81


]
\openout2 = `ListaTeoremiOrale/teo-06.aux'.

 (/home/enrico/latex/Analisi-Matematica-2/ListaTeoremiOrale/teo-06.tex

Package hyperref Warning: Token not allowed in a PDF string (PDFDocEncoding):
(hyperref)                removing `math shift' on input line 2.


Package hyperref Warning: Token not allowed in a PDF string (PDFDocEncoding):
(hyperref)                removing `superscript' on input line 2.


Package hyperref Warning: Token not allowed in a PDF string (PDFDocEncoding):
(hyperref)                removing `\to' on input line 2.


Package hyperref Warning: Token not allowed in a PDF string (PDFDocEncoding):
(hyperref)                removing `superscript' on input line 2.


Package hyperref Warning: Token not allowed in a PDF string (PDFDocEncoding):
(hyperref)                removing `math shift' on input line 2.


Package hyperref Warning: Token not allowed in a PDF string (PDFDocEncoding):
(hyperref)                removing `math shift' on input line 2.


Package hyperref Warning: Token not allowed in a PDF string (PDFDocEncoding):
(hyperref)                removing `superscript' on input line 2.


Package hyperref Warning: Token not allowed in a PDF string (PDFDocEncoding):
(hyperref)                removing `\to' on input line 2.


Package hyperref Warning: Token not allowed in a PDF string (PDFDocEncoding):
(hyperref)                removing `superscript' on input line 2.


Package hyperref Warning: Token not allowed in a PDF string (PDFDocEncoding):
(hyperref)                removing `math shift' on input line 2.


Overfull \hbox (31.49115pt too wide) in paragraph at lines 7--15
\OT1/cmr/m/it/10 Supponiamo che $[]$ 
 []

) [82


]
\openout2 = `ListaTeoremiOrale/teo-07.aux'.

 (/home/enrico/latex/Analisi-Matematica-2/ListaTeoremiOrale/teo-07.tex
Overfull \hbox (54.60869pt too wide) in paragraph at lines 3--5
[]\OT1/cmr/m/it/10 Dato $\OML/cmm/m/it/10 m \OMS/cmsy/m/n/10 2 \U/bbold/m/n/10 N$\OT1/cmr/m/it/10 , $\OML/cmm/m/it/10 p[] \OT1/cmr/m/n/10 = (\OML/cmm/m/it/10 x[]; y[]\OT1/cmr/m/n/10 ) \OMS/cmsy/m/n/10 2 \U/bbold/m/n/10 R[]$ \OT1/cmr/m/it/10 fis-sato, si chiama $[]$
 []


Underfull \hbox (badness 10000) in paragraph at lines 5--8

 []

) [83


]
\openout2 = `ListaTeoremiOrale/teo-08.aux'.

 (/home/enrico/latex/Analisi-Matematica-2/ListaTeoremiOrale/teo-08.tex

Package hyperref Warning: Token not allowed in a PDF string (PDFDocEncoding):
(hyperref)                removing `math shift' on input line 2.


Package hyperref Warning: Token not allowed in a PDF string (PDFDocEncoding):
(hyperref)                removing `\subseteq' on input line 2.


Package hyperref Warning: Token not allowed in a PDF string (PDFDocEncoding):
(hyperref)                removing `superscript' on input line 2.


Package hyperref Warning: Token not allowed in a PDF string (PDFDocEncoding):
(hyperref)                removing `\to' on input line 2.


Package hyperref Warning: Token not allowed in a PDF string (PDFDocEncoding):
(hyperref)                removing `math shift' on input line 2.


Overfull \hbox (4.16302pt too wide) in paragraph at lines 4--6
[]\OT1/cmr/m/it/10 Data $\OML/cmm/m/it/10 f \OMS/cmsy/m/n/10 2 \OML/cmm/m/it/10 C[]\OT1/cmr/m/n/10 (\OML/cmm/m/it/10 A\OT1/cmr/m/n/10 )$\OT1/cmr/m/it/10 , $\OML/cmm/m/it/10 A \OMS/cmsy/m/n/10 2 \U/bbold/m/n/10 R[]$ \OT1/cmr/m/it/10 aperto, si chiama, $[]$
 []


Overfull \hbox (13.59872pt too wide) in paragraph at lines 11--17
\OT1/cmr/m/n/10 della di-mostrazione, in-fatti per una fun-zione $\OML/cmm/m/it/10 F\OT1/cmr/m/n/10 (\OML/cmm/m/it/10 t\OT1/cmr/m/n/10 ) = \OML/cmm/m/it/10 f\OT1/cmr/m/n/10 (\OML/cmm/m/it/10 p[] \OT1/cmr/m/n/10 + \OML/cmm/m/it/10 tv\OT1/cmr/m/n/10 )\OML/cmm/m/it/10 ; t \OMS/cmsy/m/n/10 2 \OT1/cmr/m/n/10 (\OMS/cmsy/m/n/10 ^^@\OML/cmm/m/it/10 r; r\OT1/cmr/m/n/10 )[]\OML/cmm/m/it/10 B\OT1/cmr/m/n/10 (\OML/cmm/m/it/10 p[]; r\OT1/cmr/m/n/10 )$
 []


Overfull \hbox (38.10681pt too wide) detected at line 20
\OT1/cmr/m/n/10 = \OML/cmm/m/it/10 v[] [] \OT1/cmr/m/n/10 + \OML/cmm/m/it/10 v[] [] \OT1/cmr/m/n/10 =
 []

) [84


]
\openout2 = `ListaTeoremiOrale/teo-09.aux'.

 (/home/enrico/latex/Analisi-Matematica-2/ListaTeoremiOrale/teo-09.tex

Package hyperref Warning: Token not allowed in a PDF string (PDFDocEncoding):
(hyperref)                removing `math shift' on input line 3.


Package hyperref Warning: Token not allowed in a PDF string (PDFDocEncoding):
(hyperref)                removing `\subseteq' on input line 3.


Package hyperref Warning: Token not allowed in a PDF string (PDFDocEncoding):
(hyperref)                removing `superscript' on input line 3.


Package hyperref Warning: Token not allowed in a PDF string (PDFDocEncoding):
(hyperref)                removing `\to' on input line 3.


Package hyperref Warning: Token not allowed in a PDF string (PDFDocEncoding):
(hyperref)                removing `math shift' on input line 3.

) [85


]
\openout2 = `ListaTeoremiOrale/teo-10.aux'.

 (/home/enrico/latex/Analisi-Matematica-2/ListaTeoremiOrale/teo-10.tex) [86


]
\openout2 = `ListaTeoremiOrale/teo-11.aux'.

 (/home/enrico/latex/Analisi-Matematica-2/ListaTeoremiOrale/teo-11.tex
Missing character: There is no â in font cmbx12!
Missing character: There is no € in font cmbx12!
Missing character: There is no ™ in font cmbx12!
) [87


]
\openout2 = `ListaTeoremiOrale/teo-12.aux'.

 (/home/enrico/latex/Analisi-Matematica-2/ListaTeoremiOrale/teo-12.tex
Overfull \hbox (4.95793pt too wide) in paragraph at lines 4--6
[]\OT1/cmr/m/it/10 Sia $\OML/cmm/m/it/10 f \OMS/cmsy/m/n/10 2
 []

) [88


]
\openout2 = `ListaTeoremiOrale/teo-13.aux'.

 (/home/enrico/latex/Analisi-Matematica-2/ListaTeoremiOrale/teo-13.tex

Package hyperref Warning: Token not allowed in a PDF string (PDFDocEncoding):
(hyperref)                removing `math shift' on input line 3.


Package hyperref Warning: Token not allowed in a PDF string (PDFDocEncoding):
(hyperref)                removing `superscript' on input line 3.


Package hyperref Warning: Token not allowed in a PDF string (PDFDocEncoding):
(hyperref)                removing `math shift' on input line 3.


Overfull \hbox (14.1527pt too wide) in paragraph at lines 7--9
[]$[]$ \OT1/cmr/m/it/10 (o nor-male) rispetto all'asse y se es-istono $\OML/cmm/m/it/10 g[]; g[] \OMS/cmsy/m/n/10 2 \OML/cmm/m/it/10 C[]\OT1/cmr/m/n/10 ([\OML/cmm/m/it/10 a; b\OT1/cmr/m/n/10 ])$
 []

) [89


]
\openout2 = `ListaTeoremiOrale/teo-14.aux'.

 (/home/enrico/latex/Analisi-Matematica-2/ListaTeoremiOrale/teo-14.tex
Overfull \hbox (7.90367pt too wide) in paragraph at lines 2--6
[]\OT1/cmr/m/it/10 [BDPG,14.17]
 []

) [90


]
\openout2 = `ListaTeoremiOrale/teo-15.aux'.

 (/home/enrico/latex/Analisi-Matematica-2/ListaTeoremiOrale/teo-15.tex
Overfull \hbox (37.43541pt too wide) in paragraph at lines 2--6
[]\OT1/cmr/m/it/10 [BDPG,14.19]
 []

) [91


]
Package atveryend Info: Empty hook `BeforeClearDocument' on input line 101.
Package atveryend Info: Empty hook `AfterLastShipout' on input line 101.
 (/home/enrico/latex/Analisi-Matematica-2/Appunti.aux (/home/enrico/latex/Analisi-Matematica-2/Lezioni/lez-01.aux) (/home/enrico/latex/Analisi-Matematica-2/Lezioni/lez-02.aux) (/home/enrico/latex/Analisi-Matematica-2/Lezioni/lez-03.aux) (/home/enrico/latex/Analisi-Matematica-2/Lezioni/lez-04.aux) (/home/enrico/latex/Analisi-Matematica-2/Lezioni/lez-05.aux) (/home/enrico/latex/Analisi-Matematica-2/Lezioni/lez-06.aux) (/home/enrico/latex/Analisi-Matematica-2/Lezioni/lez-07.aux) (/home/enrico/latex/Analisi-Matematica-2/Lezioni/lez-08.aux) (/home/enrico/latex/Analisi-Matematica-2/Lezioni/lez-09.aux) (/home/enrico/latex/Analisi-Matematica-2/Lezioni/lez-10.aux) (/home/enrico/latex/Analisi-Matematica-2/Lezioni/lez-11.aux) (/home/enrico/latex/Analisi-Matematica-2/Lezioni/lez-12.aux) (/home/enrico/latex/Analisi-Matematica-2/Lezioni/lez-13.aux) (/home/enrico/latex/Analisi-Matematica-2/Esercitazioni/es-01.aux) (/home/enrico/latex/Analisi-Matematica-2/Esercitazioni/es-02.aux) (/home/enrico/latex/Analisi-Matematica-2/Esercitazioni/es-03.aux) (/home/enrico/latex/Analisi-Matematica-2/ListaTeoremiOrale/teo-01.aux) (/home/enrico/latex/Analisi-Matematica-2/ListaTeoremiOrale/teo-02.aux) (/home/enrico/latex/Analisi-Matematica-2/ListaTeoremiOrale/teo-03.aux) (/home/enrico/latex/Analisi-Matematica-2/ListaTeoremiOrale/teo-04.aux) (/home/enrico/latex/Analisi-Matematica-2/ListaTeoremiOrale/teo-05.aux) (/home/enrico/latex/Analisi-Matematica-2/ListaTeoremiOrale/teo-06.aux) (/home/enrico/latex/Analisi-Matematica-2/ListaTeoremiOrale/teo-07.aux) (/home/enrico/latex/Analisi-Matematica-2/ListaTeoremiOrale/teo-08.aux) (/home/enrico/latex/Analisi-Matematica-2/ListaTeoremiOrale/teo-09.aux) (/home/enrico/latex/Analisi-Matematica-2/ListaTeoremiOrale/teo-10.aux) (/home/enrico/latex/Analisi-Matematica-2/ListaTeoremiOrale/teo-11.aux) (/home/enrico/latex/Analisi-Matematica-2/ListaTeoremiOrale/teo-12.aux) (/home/enrico/latex/Analisi-Matematica-2/ListaTeoremiOrale/teo-13.aux) (/home/enrico/latex/Analisi-Matematica-2/ListaTeoremiOrale/teo-14.aux) (/home/enrico/latex/Analisi-Matematica-2/ListaTeoremiOrale/teo-15.aux))
Package atveryend Info: Executing hook `AtVeryEndDocument' on input line 101.
Package atveryend Info: Executing hook `AtEndAfterFileList' on input line 101.
Package rerunfilecheck Info: File `Appunti.out' has not changed.
(rerunfilecheck)             Checksum: D0A1A0815D594038FE2B5BEDACE063B8;8055.


LaTeX Warning: There were multiply-defined labels.

Package atveryend Info: Empty hook `AtVeryVeryEnd' on input line 101.
 ) 
Here is how much of TeX's memory you used:
 37414 strings out of 492982
 863006 string characters out of 6134896
 1026454 words of memory out of 5000000
 39779 multiletter control sequences out of 15000+600000
 546010 words of font info for 82 fonts, out of 8000000 for 9000
 1141 hyphenation exceptions out of 8191
 62i,17n,96p,10440b,618s stack positions out of 5000i,500n,10000p,200000b,80000s
</usr/share/texlive/texmf-dist/fonts/type1/public/dutchcal/DutchCalReg.pfb></usr/share/texlive/texmf-dist/fonts/type1/public/bbold-type1/bbold10.pfb></usr/share/texlive/texmf-dist/fonts/type1/public/bbold-type1/bbold7.pfb></usr/share/texlive/texmf-dist/fonts/type1/public/amsfonts/cm/cmbx10.pfb></usr/share/texlive/texmf-dist/fonts/type1/public/amsfonts/cm/cmbx12.pfb></usr/share/texlive/texmf-dist/fonts/type1/public/amsfonts/cm/cmbxti10.pfb></usr/share/texlive/texmf-dist/fonts/type1/public/amsfonts/cm/cmex10.pfb></usr/share/texlive/texmf-dist/fonts/type1/public/amsfonts/cmextra/cmex7.pfb></usr/share/texlive/texmf-dist/fonts/type1/public/amsfonts/cm/cmmi10.pfb></usr/share/texlive/texmf-dist/fonts/type1/public/amsfonts/cm/cmmi12.pfb></usr/share/texlive/texmf-dist/fonts/type1/public/amsfonts/cm/cmmi5.pfb></usr/share/texlive/texmf-dist/fonts/type1/public/amsfonts/cm/cmmi7.pfb></usr/share/texlive/texmf-dist/fonts/type1/public/amsfonts/cm/cmmi8.pfb></usr/share/texlive/texmf-dist/fonts/type1/public/amsfonts/cm/cmr10.pfb></usr/share/texlive/texmf-dist/fonts/type1/public/amsfonts/cm/cmr12.pfb></usr/share/texlive/texmf-dist/fonts/type1/public/amsfonts/cm/cmr17.pfb></usr/share/texlive/texmf-dist/fonts/type1/public/amsfonts/cm/cmr5.pfb></usr/share/texlive/texmf-dist/fonts/type1/public/amsfonts/cm/cmr7.pfb></usr/share/texlive/texmf-dist/fonts/type1/public/amsfonts/cm/cmr8.pfb></usr/share/texlive/texmf-dist/fonts/type1/public/amsfonts/cm/cmss10.pfb></usr/share/texlive/texmf-dist/fonts/type1/public/amsfonts/cm/cmss8.pfb></usr/share/texlive/texmf-dist/fonts/type1/public/amsfonts/cm/cmsy10.pfb></usr/share/texlive/texmf-dist/fonts/type1/public/amsfonts/cm/cmsy5.pfb></usr/share/texlive/texmf-dist/fonts/type1/public/amsfonts/cm/cmsy7.pfb></usr/share/texlive/texmf-dist/fonts/type1/public/amsfonts/cm/cmti10.pfb></usr/share/texlive/texmf-dist/fonts/type1/public/amsfonts/symbols/msbm10.pfb>
Output written on /home/enrico/latex/Analisi-Matematica-2/Appunti.pdf (92 pages, 536767 bytes).
PDF statistics:
 1371 PDF objects out of 1440 (max. 8388607)
 1238 compressed objects within 13 object streams
 470 named destinations out of 1000 (max. 500000)
 709 words of extra memory for PDF output out of 10000 (max. 10000000)

