\BOOKMARK [0][-]{chapter.1}{Funzioni a pi\371 variabili, [BDPG, 10]}{}% 1
\BOOKMARK [1][-]{section.1.1}{Lez - 01}{chapter.1}% 2
\BOOKMARK [2][-]{subsection.1.1.1}{Grafico di una funzione scalare di pi\371 variabili}{section.1.1}% 3
\BOOKMARK [2][-]{subsection.1.1.2}{Curve di livello di una funzione di pi\371 variabili}{section.1.1}% 4
\BOOKMARK [2][-]{subsection.1.1.3}{Limiti e continuit\340 per funzioni di pi\371 variabili}{section.1.1}% 5
\BOOKMARK [1][-]{section.1.2}{Lez - 02}{chapter.1}% 6
\BOOKMARK [2][-]{subsection.1.2.1}{Calcolo dei limiti}{section.1.2}% 7
\BOOKMARK [2][-]{subsection.1.2.2}{Esempi calcolo limiti}{section.1.2}% 8
\BOOKMARK [1][-]{section.1.3}{Lez - 03}{chapter.1}% 9
\BOOKMARK [2][-]{subsection.1.3.1}{Definizioni limiti e continuit\340 per Rn}{section.1.3}% 10
\BOOKMARK [2][-]{subsection.1.3.2}{Calcolo differenziale per funzioni a pi\371 variabili}{section.1.3}% 11
\BOOKMARK [2][-]{subsection.1.3.3}{Piano tangente al grafico}{section.1.3}% 12
\BOOKMARK [1][-]{section.1.4}{Lez - 04}{chapter.1}% 13
\BOOKMARK [2][-]{subsection.1.4.1}{Differenziabilit\340 in n3}{section.1.4}% 14
\BOOKMARK [1][-]{section.1.5}{Lez - 05}{chapter.1}% 15
\BOOKMARK [2][-]{subsection.1.5.1}{Condizioni sulle derivate parziali che assicurino la diffrenenziablit\340 }{section.1.5}% 16
\BOOKMARK [2][-]{subsection.1.5.2}{Derivate direzionali}{section.1.5}% 17
\BOOKMARK [2][-]{subsection.1.5.3}{Teo: Diff. vs. Deriv. direz.}{section.1.5}% 18
\BOOKMARK [2][-]{subsection.1.5.4}{Teorema del valore medio}{section.1.5}% 19
\BOOKMARK [1][-]{section.1.6}{Lez - 06}{chapter.1}% 20
\BOOKMARK [2][-]{subsection.1.6.1}{Derivate parziali di una f composta di pi\371 variabili}{section.1.6}% 21
\BOOKMARK [2][-]{subsection.1.6.2}{I° caso particolare}{section.1.6}% 22
\BOOKMARK [2][-]{subsection.1.6.3}{II° caso particolare}{section.1.6}% 23
\BOOKMARK [2][-]{subsection.1.6.4}{Caso generale di RDC}{section.1.6}% 24
\BOOKMARK [2][-]{subsection.1.6.5}{Teorema RDC}{section.1.6}% 25
\BOOKMARK [1][-]{section.1.7}{Lez - 07}{chapter.1}% 26
\BOOKMARK [2][-]{subsection.1.7.1}{Derivate parziali di ordine superiore}{section.1.7}% 27
\BOOKMARK [2][-]{subsection.1.7.2}{Teo: Inversione dell'ordine di derivazione}{section.1.7}% 28
\BOOKMARK [2][-]{subsection.1.7.3}{Taylor per funzioni di pi\371 variabili}{section.1.7}% 29
\BOOKMARK [2][-]{subsection.1.7.4}{Taylor del II ordine + resto di Peano}{section.1.7}% 30
\BOOKMARK [1][-]{section.1.8}{Lez - 08}{chapter.1}% 31
\BOOKMARK [2][-]{subsection.1.8.1}{Massimi e minimi per funzioni a pi\371 variabili}{section.1.8}% 32
\BOOKMARK [2][-]{subsection.1.8.2}{Estremi liberi di una funzione \(min/max relativi\)}{section.1.8}% 33
\BOOKMARK [2][-]{subsection.1.8.3}{Matrice Hessiana}{section.1.8}% 34
\BOOKMARK [2][-]{subsection.1.8.4}{Teorema: Criterio per il segno di una matrice}{section.1.8}% 35
\BOOKMARK [2][-]{subsection.1.8.5}{Esempi}{section.1.8}% 36
\BOOKMARK [1][-]{section.1.9}{Lez - 09}{chapter.1}% 37
\BOOKMARK [2][-]{subsection.1.9.1}{Ricerca del max e min \(assoluto\) su insieme limitato e chiuso}{section.1.9}% 38
\BOOKMARK [2][-]{subsection.1.9.2}{Frontiera attraverso parametrizzazione}{section.1.9}% 39
\BOOKMARK [2][-]{subsection.1.9.3}{Metodo dei moltiplicatori di Lagrange, TML}{section.1.9}% 40
\BOOKMARK [0][-]{chapter.2}{Integrale per funzioni a pi\371 variabili, [BDPG, 14]}{}% 41
\BOOKMARK [1][-]{section.2.1}{Lez - 10, Integrale doppio su un rettangolo}{chapter.2}% 42
\BOOKMARK [2][-]{subsection.2.1.1}{Propriet\340 importanti delle somme sup. ed inf. }{section.2.1}% 43
\BOOKMARK [2][-]{subsection.2.1.2}{Teoremi: Esistenza \046 Propriet\340 integrale}{section.2.1}% 44
\BOOKMARK [2][-]{subsection.2.1.3}{Formula di riduzione sui rettangoli}{section.2.1}% 45
\BOOKMARK [2][-]{subsection.2.1.4}{Esempio}{section.2.1}% 46
\BOOKMARK [1][-]{section.2.2}{Lez 11 - Integrale doppio su insiemi generali}{chapter.2}% 47
\BOOKMARK [2][-]{subsection.2.2.1}{Insiemi numerabili e loro area}{section.2.2}% 48
\BOOKMARK [2][-]{subsection.2.2.2}{Integrali doppi su insiemi misurabili}{section.2.2}% 49
\BOOKMARK [2][-]{subsection.2.2.3}{Teo.: Integrale doppio su insieme di misura nulla}{section.2.2}% 50
\BOOKMARK [1][-]{section.2.3}{Integrali doppi su domini semplici e formule di riduzione}{chapter.2}% 51
\BOOKMARK [2][-]{subsection.2.3.1}{Teorema: Forumla di riduzione su domini semplici}{section.2.3}% 52
\BOOKMARK [1][-]{section.2.4}{Lez - 12}{chapter.2}% 53
\BOOKMARK [2][-]{subsection.2.4.1}{Applicazione della formula di riduzione su domini semplici al calcolo di volumi di solidi}{section.2.4}% 54
\BOOKMARK [2][-]{subsection.2.4.2}{Teorema: Additivit\340 dell'integrale doppio}{section.2.4}% 55
\BOOKMARK [1][-]{section.2.5}{Cambiamento di var. per gli integrali doppi}{chapter.2}% 56
\BOOKMARK [2][-]{subsection.2.5.1}{Caso particolare: coordinate polari}{section.2.5}% 57
\BOOKMARK [2][-]{subsection.2.5.2}{Caso generale}{section.2.5}% 58
\BOOKMARK [2][-]{subsection.2.5.3}{Teorema: Cambiamento di variabili negli integrali doppi}{section.2.5}% 59
\BOOKMARK [1][-]{section.2.6}{Lez - 13, Integrali tripli, [BDPG,14.5]}{chapter.2}% 60
\BOOKMARK [2][-]{subsection.2.6.1}{Integrale triplo su un parallelepipedo}{section.2.6}% 61
\BOOKMARK [2][-]{subsection.2.6.2}{Integrale triplo su insiemi generali}{section.2.6}% 62
\BOOKMARK [2][-]{subsection.2.6.3}{Formule di riduzione per integrali tripli}{section.2.6}% 63
\BOOKMARK [2][-]{subsection.2.6.4}{Cambiamento di variabili negli integrali tripli}{section.2.6}% 64
\BOOKMARK [0][-]{chapter.3}{Curve ed integrali curvilinei, [BDPG, 12]}{}% 65
\BOOKMARK [1][-]{section.3.1}{Lez - 14, Curve in Rn}{chapter.3}% 66
\BOOKMARK [2][-]{subsection.3.1.1}{Orientazione di una curva semplice}{section.3.1}% 67
\BOOKMARK [2][-]{subsection.3.1.2}{Vettore velocit\340 di una curva}{section.3.1}% 68
\BOOKMARK [2][-]{subsection.3.1.3}{Cambiamento di parametro di una curva}{section.3.1}% 69
\BOOKMARK [1][-]{section.3.2}{Lez - 15, Lunghezza di una curva}{chapter.3}% 70
\BOOKMARK [1][-]{section.3.3}{Integrali curvilinei di I specie}{chapter.3}% 71
\BOOKMARK [1][-]{section.3.4}{Integrali curvilinei di II specie: campi vettoriali e forme differenziali}{chapter.3}% 72
\BOOKMARK [2][-]{subsection.3.4.1}{Campi vettoriali e forme differenziali}{section.3.4}% 73
\BOOKMARK [2][-]{subsection.3.4.2}{Lez - 16, Teo: Integrale curvilineo di II specie rispetto a curve eq.}{section.3.4}% 74
\BOOKMARK [2][-]{subsection.3.4.3}{Forme differenziali esatte \(o campi vettoriali conservativi\)}{section.3.4}% 75
\BOOKMARK [2][-]{subsection.3.4.4}{Forma differenziali chiuse}{section.3.4}% 76
\BOOKMARK [2][-]{subsection.3.4.5}{Costruzione di un potenziale per una forma diff. chiusa su aperto conv.}{section.3.4}% 77
\BOOKMARK [0][-]{chapter.4}{Superfici ed integrali di superfici, [BDPG,15]}{}% 78
\BOOKMARK [1][-]{section.4.1}{Lez - 17, Superfici in R3}{chapter.4}% 79
\BOOKMARK [2][-]{subsection.4.1.1}{Punti interni e bordo di una superficie}{section.4.1}% 80
\BOOKMARK [1][-]{section.4.2}{Regolarit\340 della parametrizzazione e piano tangente ad una superficie}{chapter.4}% 81
\BOOKMARK [1][-]{section.4.3}{Lez - 18, Superfici orientabili}{chapter.4}% 82
\BOOKMARK [1][-]{section.4.4}{Integrali di superficie}{chapter.4}% 83
\BOOKMARK [2][-]{subsection.4.4.1}{Idea per definire l'area di una superficie}{section.4.4}% 84
\BOOKMARK [2][-]{subsection.4.4.2}{Generalizzazione di nozione di integrale di I sp. per curve a superfici}{section.4.4}% 85
\BOOKMARK [0][-]{chapter.5}{Il teorema della divergenza nel piano e nello spazio, [BDPG,16]}{}% 86
\BOOKMARK [1][-]{section.5.1}{Lez - 19}{chapter.5}% 87
\BOOKMARK [1][-]{section.5.2}{Teorema Gauss-Green}{chapter.5}% 88
\BOOKMARK [1][-]{section.5.3}{Lez - 20, Dimostrazione Gauss-Green}{chapter.5}% 89
\BOOKMARK [2][-]{subsection.5.3.1}{Versore normale esterno ad un insieme semplice regoalre a tratti nel piano}{section.5.3}% 90
\BOOKMARK [2][-]{subsection.5.3.2}{Teorema della divergenza per insiemi generali del piano}{section.5.3}% 91
\BOOKMARK [2][-]{subsection.5.3.3}{Versore normale esterno ad un dominio regolare a tratti del piano e teo. della divergenza}{section.5.3}% 92
\BOOKMARK [0][-]{chapter.6}{Esercitazioni}{}% 93
\BOOKMARK [1][-]{section.6.1}{Lezione 1 - 09/03/2022}{chapter.6}% 94
\BOOKMARK [1][-]{section.6.2}{Esercitazione 2 - 23/03/2022}{chapter.6}% 95
\BOOKMARK [1][-]{section.6.3}{Lezione 3 - 06/04/2022}{chapter.6}% 96
\BOOKMARK [0][-]{chapter.7}{Teoremi Orale}{}% 97
\BOOKMARK [1][-]{section.7.1}{Continuit\340 , derivabilit\340 , differenziabilit\340 , polinomio di Taylor.}{chapter.7}% 98
\BOOKMARK [2][-]{subsection.7.1.1}{Teorema del confronto}{section.7.1}% 99
\BOOKMARK [2][-]{subsection.7.1.2}{Definizione di limite per una funzione f: A R2 R}{section.7.1}% 100
\BOOKMARK [2][-]{subsection.7.1.3}{Definizione di continuit\340 per una funzione f: A R2 R}{section.7.1}% 101
\BOOKMARK [2][-]{subsection.7.1.4}{Definizione di derivate parziali e di vettore gradiente per una funzione f: A R2 R A aperto}{section.7.1}% 102
\BOOKMARK [2][-]{subsection.7.1.5}{Definizione di differenziabilit\340 in un punto per una funzione f: A R2 R e relazione con l'esistenza del gradiente in quel punto}{section.7.1}% 103
\BOOKMARK [2][-]{subsection.7.1.6}{Regola della catena nel caso generale di due funzioni, f:Rn Rm e g:RmRk}{section.7.1}% 104
\BOOKMARK [2][-]{subsection.7.1.7}{Formula di Taylor del II ordine per una funzione di due variabili}{section.7.1}% 105
\BOOKMARK [2][-]{subsection.7.1.8}{ Definizione di matrice Hessiana per un funzione f: A R2 R e sua applicazione nella formula di Taylor del II ordine}{section.7.1}% 106
\BOOKMARK [1][-]{section.7.2}{Massimi e minimi}{chapter.7}% 107
\BOOKMARK [2][-]{subsection.7.2.1}{Definizione di punto di massimo/minimo relativo, massimo/minimo assoluto e punto di sella per una funzione f: A R2 R}{section.7.2}% 108
\BOOKMARK [2][-]{subsection.7.2.2}{Teorema di Fermat sui punti stazionari di una funzione}{section.7.2}% 109
\BOOKMARK [2][-]{subsection.7.2.3}{Teorema di Weierstrass sull’esistenza del massimo e minimo assoluto di una funzione}{section.7.2}% 110
\BOOKMARK [2][-]{subsection.7.2.4}{Metodo dei moltiplicatori di Lagrange per la ricerca di massimi e minimi vincolati per funzioni di due variabili}{section.7.2}% 111
\BOOKMARK [1][-]{section.7.3}{Integrali per funzioni in pi\371 variabili}{chapter.7}% 112
\BOOKMARK [2][-]{subsection.7.3.1}{Definizione di insieme insieme semplice \(o normale\) in R2 rispetto agli assi cartesiani}{section.7.3}% 113
\BOOKMARK [2][-]{subsection.7.3.2}{Formula di riduzione di integrali doppi su insiemi semplici}{section.7.3}% 114
\BOOKMARK [2][-]{subsection.7.3.3}{Formula di cambiamento di variabili per integrali doppi e tripli}{section.7.3}% 115
\BOOKMARK [2][-]{subsection.7.3.4}{Cambiamento di coordinate cilindriche e sferiche}{section.7.3}% 116
\BOOKMARK [2][-]{subsection.7.3.5}{Formule di riduzione per integrali tripli su un parallelepipedo}{section.7.3}% 117
\BOOKMARK [2][-]{subsection.7.3.6}{Definizione di insieme definito per fili e per strati}{section.7.3}% 118
\BOOKMARK [2][-]{subsection.7.3.7}{Formula di integrazione per fili e per strati}{section.7.3}% 119
\BOOKMARK [1][-]{section.7.4}{Curve e forme differenziali}{chapter.7}% 120
\BOOKMARK [2][-]{subsection.7.4.1}{ Definizione di curva in Rn, supporto di una curva, estremi di una curva, equazione parametrica di una curva}{section.7.4}% 121
\BOOKMARK [2][-]{subsection.7.4.2}{Definizione di curva chiusa, semplice, regolare, orientazione \(o verso di percorrenza\) di una curva semplice}{section.7.4}% 122
\BOOKMARK [2][-]{subsection.7.4.3}{Definizione di versore tangente ad una curva regolare}{section.7.4}% 123
\BOOKMARK [2][-]{subsection.7.4.4}{Definizione di curva rettificabile e lunghezza di una curva L\(\)}{section.7.4}% 124
\BOOKMARK [2][-]{subsection.7.4.5}{ Formula per il calcolo della lunghezza di una curva rettificabile}{section.7.4}% 125
\BOOKMARK [2][-]{subsection.7.4.6}{ Definizione di integrale curvilineo di prima specie per una funzione continua f lungo una curva \040di classe C1}{section.7.4}% 126
\BOOKMARK [2][-]{subsection.7.4.7}{ Definizione di integrale curvilineo di seconda specie di una forma differenziale lungo una curva di classe C1}{section.7.4}% 127
\BOOKMARK [2][-]{subsection.7.4.8}{Definizione di forma differenziale esatta e di potenziale di una forma differenziale}{section.7.4}% 128
\BOOKMARK [2][-]{subsection.7.4.9}{Formula per il calcolo dell’integrale curvilineo di una forma differenziale esatta}{section.7.4}% 129
